Copyright 1986-2022 Xilinx, Inc. All Rights Reserved.
------------------------------------------------------------------------------------
| Tool Version : Vivado v.2022.2 (win64) Build 3671981 Fri Oct 14 05:00:03 MDT 2022
| Date         : Thu Feb 23 19:24:00 2023
| Host         : DESKTOP-5C5IMB2 running 64-bit major release  (build 9200)
| Command      : upgrade_ip
| Device       : xc7a35tcpg236-1
------------------------------------------------------------------------------------

Upgrade Log for IP 'hw2_part2_RSA_0_0'

1. Summary
----------

SUCCESS in the upgrade of hw2_part2_RSA_0_0 (xilinx.com:user:RSA:1.0) from (Rev. 2) to (Rev. 3)






Copyright 1986-2022 Xilinx, Inc. All Rights Reserved.
------------------------------------------------------------------------------------
| Tool Version : Vivado v.2022.2 (win64) Build 3671981 Fri Oct 14 05:00:03 MDT 2022
| Date         : Thu Feb 23 19:20:14 2023
| Host         : DESKTOP-5C5IMB2 running 64-bit major release  (build 9200)
| Command      : upgrade_ip
| Device       : xc7a35tcpg236-1
------------------------------------------------------------------------------------

Upgrade Log for IP 'hw2_part2_RSA_0_0'

1. Summary
----------

SUCCESS in the conversion of hw2_part2_RSA_0_0 (xilinx.com:user:RSA:1.0 (Rev. 2)) to Vivado generation flows.

