#-----------------------------------------------------------
# Vivado v2022.2 (64-bit)
# SW Build 3671981 on Fri Oct 14 05:00:03 MDT 2022
# IP Build 3669848 on Fri Oct 14 08:30:02 MDT 2022
# Start of session at: Thu Feb 23 18:35:38 2023
# Process ID: 560
# Current directory: C:/Users/mvbos/Desktop/SoC/SoC_Design/HW2/HW2Vivado/HW2
# Command line: vivado.exe -gui_launcher_event rodinguilauncherevent14780 C:\Users\mvbos\Desktop\SoC\SoC_Design\HW2\HW2Vivado\HW2\HW2.xpr
# Log file: C:/Users/mvbos/Desktop/SoC/SoC_Design/HW2/HW2Vivado/HW2/vivado.log
# Journal file: C:/Users/mvbos/Desktop/SoC/SoC_Design/HW2/HW2Vivado/HW2\vivado.jou
# Running On: DESKTOP-5C5IMB2, OS: Windows, CPU Frequency: 2592 MHz, CPU Physical cores: 4, Host memory: 12779 MB
#-----------------------------------------------------------
start_gui
open_project C:/Users/mvbos/Desktop/SoC/SoC_Design/HW2/HW2Vivado/HW2/HW2.xpr
WARNING: [Board 49-26] cannot add Board Part xilinx.com:vck190:part0:2.2 available at E:/Xilinx/Vivado/2022.2/data/xhub/boards/XilinxBoardStore/boards/Xilinx/vck190/production/2.2/board.xml as part xcvc1902-vsva2197-2mp-e-s specified in board_part file is either invalid or not available
WARNING: [Board 49-26] cannot add Board Part xilinx.com:vck190:part0:3.0 available at E:/Xilinx/Vivado/2022.2/data/xhub/boards/XilinxBoardStore/boards/Xilinx/vck190/production/3.0/board.xml as part xcvc1902-vsva2197-2mp-e-s specified in board_part file is either invalid or not available
WARNING: [Board 49-26] cannot add Board Part xilinx.com:vck190:part0:3.1 available at E:/Xilinx/Vivado/2022.2/data/xhub/boards/XilinxBoardStore/boards/Xilinx/vck190/production/3.1/board.xml as part xcvc1902-vsva2197-2mp-e-s specified in board_part file is either invalid or not available
WARNING: [Board 49-26] cannot add Board Part xilinx.com:vck190_newl:part0:1.0 available at E:/Xilinx/Vivado/2022.2/data/xhub/boards/XilinxBoardStore/boards/Xilinx/vck190_newl/production/1.0/board.xml as part xcvc1902-vsva2197-2mp-e-s specified in board_part file is either invalid or not available
WARNING: [Board 49-26] cannot add Board Part xilinx.com:vek280_es:part0:1.0 available at E:/Xilinx/Vivado/2022.2/data/xhub/boards/XilinxBoardStore/boards/Xilinx/vek280/es/1.0/board.xml as part xcve2802-vsvh1760-2lp-e-s-es1 specified in board_part file is either invalid or not available
WARNING: [Board 49-26] cannot add Board Part xilinx.com:vhk158_es:part0:1.0 available at E:/Xilinx/Vivado/2022.2/data/xhub/boards/XilinxBoardStore/boards/Xilinx/vhk158/es/1.0/board.xml as part xcvh1582-vsva3697-2mp-e-s-es1 specified in board_part file is either invalid or not available
WARNING: [Board 49-26] cannot add Board Part xilinx.com:vmk180:part0:2.2 available at E:/Xilinx/Vivado/2022.2/data/xhub/boards/XilinxBoardStore/boards/Xilinx/vmk180/production/2.2/board.xml as part xcvm1802-vsva2197-2mp-e-s specified in board_part file is either invalid or not available
WARNING: [Board 49-26] cannot add Board Part xilinx.com:vmk180:part0:3.0 available at E:/Xilinx/Vivado/2022.2/data/xhub/boards/XilinxBoardStore/boards/Xilinx/vmk180/production/3.0/board.xml as part xcvm1802-vsva2197-2mp-e-s specified in board_part file is either invalid or not available
WARNING: [Board 49-26] cannot add Board Part xilinx.com:vmk180:part0:3.1 available at E:/Xilinx/Vivado/2022.2/data/xhub/boards/XilinxBoardStore/boards/Xilinx/vmk180/production/3.1/board.xml as part xcvm1802-vsva2197-2mp-e-s specified in board_part file is either invalid or not available
WARNING: [Board 49-26] cannot add Board Part xilinx.com:vmk180_newl:part0:1.0 available at E:/Xilinx/Vivado/2022.2/data/xhub/boards/XilinxBoardStore/boards/Xilinx/vmk180_newl/production/1.0/board.xml as part xcvm1802-vsva2197-2mp-e-s specified in board_part file is either invalid or not available
WARNING: [Board 49-26] cannot add Board Part xilinx.com:vpk120:part0:1.0 available at E:/Xilinx/Vivado/2022.2/data/xhub/boards/XilinxBoardStore/boards/Xilinx/vpk120/production/1.0/board.xml as part xcvp1202-vsva2785-2mp-e-s specified in board_part file is either invalid or not available
WARNING: [Board 49-26] cannot add Board Part xilinx.com:vpk120_es:part0:1.2 available at E:/Xilinx/Vivado/2022.2/data/xhub/boards/XilinxBoardStore/boards/Xilinx/vpk120/es/1.2/board.xml as part xcvp1202-vsva2785-2mp-e-s-es1 specified in board_part file is either invalid or not available
WARNING: [Board 49-26] cannot add Board Part xilinx.com:vpk120_es_revb:part0:1.0 available at E:/Xilinx/Vivado/2022.2/data/xhub/boards/XilinxBoardStore/boards/Xilinx/vpk120_revb/es/1.0/board.xml as part xcvp1202-vsva2785-2mp-e-s-es1 specified in board_part file is either invalid or not available
WARNING: [Board 49-26] cannot add Board Part xilinx.com:vpk180_es:part0:1.0 available at E:/Xilinx/Vivado/2022.2/data/xhub/boards/XilinxBoardStore/boards/Xilinx/vpk180/es/1.0/board.xml as part xcvp1802-lsvc4072-2mp-e-s-es1 specified in board_part file is either invalid or not available
WARNING: [Board 49-26] cannot add Board Part xilinx.com:zcu208ld:part0:2.0 available at E:/Xilinx/Vivado/2022.2/data/xhub/boards/XilinxBoardStore/boards/Xilinx/zcu208ld/production/2.0/board.xml as part xczu58dr-fsvg1517-2-i specified in board_part file is either invalid or not available
WARNING: [Board 49-26] cannot add Board Part xilinx.com:zcu216ld:part0:2.0 available at E:/Xilinx/Vivado/2022.2/data/xhub/boards/XilinxBoardStore/boards/Xilinx/zcu216ld/production/2.0/board.xml as part xczu59dr-ffvf1760-2-i specified in board_part file is either invalid or not available
WARNING: [Board 49-26] cannot add Board Part xilinx.com:zcu670:part0:2.0 available at E:/Xilinx/Vivado/2022.2/data/xhub/boards/XilinxBoardStore/boards/Xilinx/zcu670/2.0/board.xml as part xczu67dr-fsve1156-2-i specified in board_part file is either invalid or not available
WARNING: [Board 49-26] cannot add Board Part xilinx.com:zcu670ld:part0:1.0 available at E:/Xilinx/Vivado/2022.2/data/xhub/boards/XilinxBoardStore/boards/Xilinx/zcu670ld/1.0/board.xml as part xczu57dr-fsve1156-2-i specified in board_part file is either invalid or not available
Scanning sources...
Finished scanning sources
INFO: [IP_Flow 19-234] Refreshing IP repositories
INFO: [IP_Flow 19-1700] Loaded user IP repository 'c:/Users/mvbos/Desktop/SoC/SoC_Design/HW2/HW2Vivado/ip_repo/RSA_1_0'.
INFO: [IP_Flow 19-2313] Loaded Vivado IP repository 'E:/Xilinx/Vivado/2022.2/data/ip'.
open_project: Time (s): cpu = 00:00:39 ; elapsed = 00:00:23 . Memory (MB): peak = 1210.438 ; gain = 395.273
update_compile_order -fileset sources_1
open_bd_design {C:/Users/mvbos/Desktop/SoC/SoC_Design/HW2/HW2Vivado/HW2/HW2.srcs/sources_1/bd/hw2_part2/hw2_part2.bd}
Reading block design file <C:/Users/mvbos/Desktop/SoC/SoC_Design/HW2/HW2Vivado/HW2/HW2.srcs/sources_1/bd/hw2_part2/hw2_part2.bd>...
Adding component instance block -- xilinx.com:ip:axi_uartlite:2.0 - axi_uartlite_0
Adding component instance block -- xilinx.com:ip:clk_wiz:6.0 - clk_wiz_0
Adding component instance block -- xilinx.com:ip:mdm:3.2 - mdm_1
Adding component instance block -- xilinx.com:ip:microblaze:11.0 - microblaze_0
Adding component instance block -- xilinx.com:ip:axi_interconnect:2.1 - microblaze_0_axi_periph
Adding component instance block -- xilinx.com:ip:lmb_v10:3.0 - dlmb_v10
Adding component instance block -- xilinx.com:ip:lmb_v10:3.0 - ilmb_v10
Adding component instance block -- xilinx.com:ip:lmb_bram_if_cntlr:4.0 - dlmb_bram_if_cntlr
Adding component instance block -- xilinx.com:ip:lmb_bram_if_cntlr:4.0 - ilmb_bram_if_cntlr
Adding component instance block -- xilinx.com:ip:blk_mem_gen:8.4 - lmb_bram
Adding component instance block -- xilinx.com:ip:proc_sys_reset:5.0 - rst_clk_wiz_0_100M
Successfully read diagram <hw2_part2> from block design file <C:/Users/mvbos/Desktop/SoC/SoC_Design/HW2/HW2Vivado/HW2/HW2.srcs/sources_1/bd/hw2_part2/hw2_part2.bd>
open_bd_design: Time (s): cpu = 00:00:14 ; elapsed = 00:00:10 . Memory (MB): peak = 1324.113 ; gain = 107.207
startgroup
create_bd_cell -type ip -vlnv xilinx.com:user:RSA:1.0 RSA_0
endgroup
apply_bd_automation -rule xilinx.com:bd_rule:axi4 -config { Clk_master {/clk_wiz_0/clk_out1 (100 MHz)} Clk_slave {Auto} Clk_xbar {/clk_wiz_0/clk_out1 (100 MHz)} Master {/microblaze_0 (Periph)} Slave {/RSA_0/S00_AXI} ddr_seg {Auto} intc_ip {/microblaze_0_axi_periph} master_apm {0}}  [get_bd_intf_pins RSA_0/S00_AXI]
Slave segment '/RSA_0/S00_AXI/S00_AXI_reg' is being assigned into address space '/microblaze_0/Data' at <0x44A0_0000 [ 64K ]>.
validate_bd_design
WARNING: [filemgmt 56-443] The ECC Algorithm string is empty. Setting the Memory Map to default ECC value to ECC_NONE.
INFO: [xilinx.com:ip:clk_wiz:6.0-1] /clk_wiz_0 clk_wiz propagate
save_bd_design
Wrote  : <C:\Users\mvbos\Desktop\SoC\SoC_Design\HW2\HW2Vivado\HW2\HW2.srcs\sources_1\bd\hw2_part2\hw2_part2.bd> 
Wrote  : <C:/Users/mvbos/Desktop/SoC/SoC_Design/HW2/HW2Vivado/HW2/HW2.srcs/sources_1/bd/hw2_part2/ui/bd_62c00303.ui> 
reset_run synth_1
INFO: [Project 1-1160] Copying file C:/Users/mvbos/Desktop/SoC/SoC_Design/HW2/HW2Vivado/HW2/HW2.runs/synth_1/hw2_part1_wrapper.dcp to C:/Users/mvbos/Desktop/SoC/SoC_Design/HW2/HW2Vivado/HW2/HW2.srcs/utils_1/imports/synth_1 and adding it to utils fileset
launch_runs synth_1 -jobs 8
[Thu Feb 23 18:45:52 2023] Launched synth_1...
Run output will be captured here: C:/Users/mvbos/Desktop/SoC/SoC_Design/HW2/HW2Vivado/HW2/HW2.runs/synth_1/runme.log
launch_runs impl_1 -jobs 8
[Thu Feb 23 18:51:20 2023] Launched impl_1...
Run output will be captured here: C:/Users/mvbos/Desktop/SoC/SoC_Design/HW2/HW2Vivado/HW2/HW2.runs/impl_1/runme.log
launch_runs impl_1 -to_step write_bitstream -jobs 8
[Thu Feb 23 18:54:13 2023] Launched impl_1...
Run output will be captured here: C:/Users/mvbos/Desktop/SoC/SoC_Design/HW2/HW2Vivado/HW2/HW2.runs/impl_1/runme.log
INFO: [Vivado 12-8231] Launching Vitis
INFO: [Vivado 12-417] Running vitis
INFO: [Vivado 12-8232] Vitis launch initiated. Please check console for any further messages.
write_hw_platform -fixed -include_bit -force -file C:/Users/mvbos/Desktop/SoC/SoC_Design/HW2/HW2Vivado/HW2/hw2_part2_wrapper.xsa
INFO: [Project 1-1918] Creating Hardware Platform: C:/Users/mvbos/Desktop/SoC/SoC_Design/HW2/HW2Vivado/HW2/hw2_part2_wrapper.xsa ...
WARNING: [Project 1-645] Board images not set in Hardware Platform.
INFO: [Project 1-1943] The Hardware Platform can be used for Hardware
INFO: [Project 1-1941] Successfully created Hardware Platform: C:/Users/mvbos/Desktop/SoC/SoC_Design/HW2/HW2Vivado/HW2/hw2_part2_wrapper.xsa
INFO: [Hsi 55-2053] elapsed time for repository (E:/Xilinx/Vivado/2022.2/data/embeddedsw) loading 3 seconds
write_hw_platform: Time (s): cpu = 00:00:04 ; elapsed = 00:00:05 . Memory (MB): peak = 1868.309 ; gain = 143.859
make_wrapper -files [get_files C:/Users/mvbos/Desktop/SoC/SoC_Design/HW2/HW2Vivado/HW2/HW2.srcs/sources_1/bd/hw2_part2/hw2_part2.bd] -top
INFO: [BD 41-1662] The design 'hw2_part2.bd' is already validated. Therefore parameter propagation will not be re-run.
WARNING: [filemgmt 56-443] The ECC Algorithm string is empty. Setting the Memory Map to default ECC value to ECC_NONE.
WARNING: [filemgmt 56-443] The ECC Algorithm string is empty. Setting the Memory Map to default ECC value to ECC_NONE.
VHDL Output written to : c:/Users/mvbos/Desktop/SoC/SoC_Design/HW2/HW2Vivado/HW2/HW2.gen/sources_1/bd/hw2_part2/synth/hw2_part2.vhd
VHDL Output written to : c:/Users/mvbos/Desktop/SoC/SoC_Design/HW2/HW2Vivado/HW2/HW2.gen/sources_1/bd/hw2_part2/sim/hw2_part2.vhd
VHDL Output written to : c:/Users/mvbos/Desktop/SoC/SoC_Design/HW2/HW2Vivado/HW2/HW2.gen/sources_1/bd/hw2_part2/hdl/hw2_part2_wrapper.vhd
make_wrapper: Time (s): cpu = 00:00:05 ; elapsed = 00:00:06 . Memory (MB): peak = 1920.371 ; gain = 52.062
add_files -norecurse c:/Users/mvbos/Desktop/SoC/SoC_Design/HW2/HW2Vivado/HW2/HW2.gen/sources_1/bd/hw2_part2/hdl/hw2_part2_wrapper.vhd
update_compile_order -fileset sources_1
set_property top hw2_part2_wrapper [current_fileset]
update_compile_order -fileset sources_1
reset_run synth_1
INFO: [Project 1-1161] Replacing file C:/Users/mvbos/Desktop/SoC/SoC_Design/HW2/HW2Vivado/HW2/HW2.srcs/utils_1/imports/synth_1/hw2_part1_wrapper.dcp with file C:/Users/mvbos/Desktop/SoC/SoC_Design/HW2/HW2Vivado/HW2/HW2.runs/synth_1/hw2_part1_wrapper.dcp
launch_runs synth_1 -jobs 8
INFO: [BD 41-1662] The design 'hw2_part2.bd' is already validated. Therefore parameter propagation will not be re-run.
WARNING: [filemgmt 56-443] The ECC Algorithm string is empty. Setting the Memory Map to default ECC value to ECC_NONE.
WARNING: [filemgmt 56-443] The ECC Algorithm string is empty. Setting the Memory Map to default ECC value to ECC_NONE.
VHDL Output written to : c:/Users/mvbos/Desktop/SoC/SoC_Design/HW2/HW2Vivado/HW2/HW2.gen/sources_1/bd/hw2_part2/synth/hw2_part2.vhd
VHDL Output written to : c:/Users/mvbos/Desktop/SoC/SoC_Design/HW2/HW2Vivado/HW2/HW2.gen/sources_1/bd/hw2_part2/sim/hw2_part2.vhd
VHDL Output written to : c:/Users/mvbos/Desktop/SoC/SoC_Design/HW2/HW2Vivado/HW2/HW2.gen/sources_1/bd/hw2_part2/hdl/hw2_part2_wrapper.vhd
WARNING: [IP_Flow 19-4994] Overwriting existing constraint file 'c:/Users/mvbos/Desktop/SoC/SoC_Design/HW2/HW2Vivado/HW2/HW2.gen/sources_1/bd/hw2_part2/ip/hw2_part2_axi_uartlite_0_0/hw2_part2_axi_uartlite_0_0_ooc.xdc'
INFO: [BD 41-1029] Generation completed for the IP Integrator block axi_uartlite_0 .
INFO: [BD 41-1029] Generation completed for the IP Integrator block clk_wiz_0 .
INFO: [Device 21-403] Loading part xc7a35tcpg236-1
INFO: [BD 41-1029] Generation completed for the IP Integrator block mdm_1 .
INFO: [BD 41-1029] Generation completed for the IP Integrator block microblaze_0 .
INFO: [BD 41-1029] Generation completed for the IP Integrator block microblaze_0_local_memory/dlmb_v10 .
INFO: [BD 41-1029] Generation completed for the IP Integrator block microblaze_0_local_memory/ilmb_v10 .
INFO: [BD 41-1029] Generation completed for the IP Integrator block microblaze_0_local_memory/dlmb_bram_if_cntlr .
INFO: [BD 41-1029] Generation completed for the IP Integrator block microblaze_0_local_memory/ilmb_bram_if_cntlr .
INFO: [BD 41-1029] Generation completed for the IP Integrator block microblaze_0_local_memory/lmb_bram .
INFO: [BD 41-1029] Generation completed for the IP Integrator block rst_clk_wiz_0_100M .
WARNING: [IP_Flow 19-5160] IP 'hw2_part2_xbar_0' detected simulation language mismatch. Simulation type 'rtl' does not support 'VHDL' outputs (see project's "simulator_language" property), delivering 'Verilog' outputs instead.
INFO: [BD 41-1029] Generation completed for the IP Integrator block microblaze_0_axi_periph/xbar .
INFO: [BD 41-1029] Generation completed for the IP Integrator block RSA_0 .
Exporting to file c:/Users/mvbos/Desktop/SoC/SoC_Design/HW2/HW2Vivado/HW2/HW2.gen/sources_1/bd/hw2_part2/hw_handoff/hw2_part2.hwh
Generated Hardware Definition File c:/Users/mvbos/Desktop/SoC/SoC_Design/HW2/HW2Vivado/HW2/HW2.gen/sources_1/bd/hw2_part2/synth/hw2_part2.hwdef
INFO: [IP_Flow 19-6930] IPCACHE: runCacheChecks() number of threads = 8
INFO: [IP_Flow 19-6921] IPCACHE: Adding cache check func to thread queue for IP hw2_part2_RSA_0_0
INFO: [IP_Flow 19-6921] IPCACHE: Adding cache check func to thread queue for IP hw2_part2_axi_uartlite_0_0
INFO: [IP_Flow 19-6921] IPCACHE: Adding cache check func to thread queue for IP hw2_part2_clk_wiz_0_0
INFO: [IP_Flow 19-6921] IPCACHE: Adding cache check func to thread queue for IP hw2_part2_dlmb_bram_if_cntlr_0
INFO: [IP_Flow 19-6921] IPCACHE: Adding cache check func to thread queue for IP hw2_part2_dlmb_v10_0
INFO: [IP_Flow 19-6921] IPCACHE: Adding cache check func to thread queue for IP hw2_part2_ilmb_bram_if_cntlr_0
INFO: [IP_Flow 19-6921] IPCACHE: Adding cache check func to thread queue for IP hw2_part2_ilmb_v10_0
INFO: [IP_Flow 19-6921] IPCACHE: Adding cache check func to thread queue for IP hw2_part2_lmb_bram_0
INFO: [IP_Flow 19-6921] IPCACHE: Adding cache check func to thread queue for IP hw2_part2_mdm_1_0
INFO: [IP_Flow 19-6921] IPCACHE: Adding cache check func to thread queue for IP hw2_part2_microblaze_0_0
INFO: [IP_Flow 19-6921] IPCACHE: Adding cache check func to thread queue for IP hw2_part2_rst_clk_wiz_0_100M_0
INFO: [IP_Flow 19-6921] IPCACHE: Adding cache check func to thread queue for IP hw2_part2_xbar_0
INFO: [IP_Flow 19-8020] IPCACHE: runCacheChecks() calling threadPool finishWork()
INFO: [IP_Flow 19-6924] IPCACHE: Running cache check for IP inst: hw2_part2_RSA_0_0
INFO: [IP_Flow 19-6924] IPCACHE: Running cache check for IP inst: hw2_part2_axi_uartlite_0_0
INFO: [IP_Flow 19-6922] IPCACHE: Exporting cached entry e4fc8a1e72ae911a to dir: c:/Users/mvbos/Desktop/SoC/SoC_Design/HW2/HW2Vivado/HW2/HW2.gen/sources_1/bd/hw2_part2/ip/hw2_part2_axi_uartlite_0_0
INFO: [IP_Flow 19-6928] IPCACHE: copied cached file c:/Users/mvbos/Desktop/SoC/SoC_Design/HW2/HW2Vivado/HW2/HW2.cache/ip/2022.2/e/4/e4fc8a1e72ae911a/hw2_part1_axi_uartlite_0_0.dcp to c:/Users/mvbos/Desktop/SoC/SoC_Design/HW2/HW2Vivado/HW2/HW2.gen/sources_1/bd/hw2_part2/ip/hw2_part2_axi_uartlite_0_0/hw2_part2_axi_uartlite_0_0.dcp.
INFO: [IP_Flow 19-6926] IPCACHE: added file to list for BOM: c:/Users/mvbos/Desktop/SoC/SoC_Design/HW2/HW2Vivado/HW2/HW2.gen/sources_1/bd/hw2_part2/ip/hw2_part2_axi_uartlite_0_0/hw2_part2_axi_uartlite_0_0.dcp
INFO: [IP_Flow 19-6928] IPCACHE: copied cached file c:/Users/mvbos/Desktop/SoC/SoC_Design/HW2/HW2Vivado/HW2/HW2.cache/ip/2022.2/e/4/e4fc8a1e72ae911a/hw2_part1_axi_uartlite_0_0_sim_netlist.v to c:/Users/mvbos/Desktop/SoC/SoC_Design/HW2/HW2Vivado/HW2/HW2.gen/sources_1/bd/hw2_part2/ip/hw2_part2_axi_uartlite_0_0/hw2_part2_axi_uartlite_0_0_sim_netlist.v.
INFO: [IP_Flow 19-6926] IPCACHE: added file to list for BOM: c:/Users/mvbos/Desktop/SoC/SoC_Design/HW2/HW2Vivado/HW2/HW2.gen/sources_1/bd/hw2_part2/ip/hw2_part2_axi_uartlite_0_0/hw2_part2_axi_uartlite_0_0_sim_netlist.v
INFO: [IP_Flow 19-6928] IPCACHE: copied cached file c:/Users/mvbos/Desktop/SoC/SoC_Design/HW2/HW2Vivado/HW2/HW2.cache/ip/2022.2/e/4/e4fc8a1e72ae911a/hw2_part1_axi_uartlite_0_0_sim_netlist.vhdl to c:/Users/mvbos/Desktop/SoC/SoC_Design/HW2/HW2Vivado/HW2/HW2.gen/sources_1/bd/hw2_part2/ip/hw2_part2_axi_uartlite_0_0/hw2_part2_axi_uartlite_0_0_sim_netlist.vhdl.
INFO: [IP_Flow 19-6926] IPCACHE: added file to list for BOM: c:/Users/mvbos/Desktop/SoC/SoC_Design/HW2/HW2Vivado/HW2/HW2.gen/sources_1/bd/hw2_part2/ip/hw2_part2_axi_uartlite_0_0/hw2_part2_axi_uartlite_0_0_sim_netlist.vhdl
INFO: [IP_Flow 19-6928] IPCACHE: copied cached file c:/Users/mvbos/Desktop/SoC/SoC_Design/HW2/HW2Vivado/HW2/HW2.cache/ip/2022.2/e/4/e4fc8a1e72ae911a/hw2_part1_axi_uartlite_0_0_stub.v to c:/Users/mvbos/Desktop/SoC/SoC_Design/HW2/HW2Vivado/HW2/HW2.gen/sources_1/bd/hw2_part2/ip/hw2_part2_axi_uartlite_0_0/hw2_part2_axi_uartlite_0_0_stub.v.
INFO: [IP_Flow 19-6926] IPCACHE: added file to list for BOM: c:/Users/mvbos/Desktop/SoC/SoC_Design/HW2/HW2Vivado/HW2/HW2.gen/sources_1/bd/hw2_part2/ip/hw2_part2_axi_uartlite_0_0/hw2_part2_axi_uartlite_0_0_stub.v
INFO: [IP_Flow 19-6928] IPCACHE: copied cached file c:/Users/mvbos/Desktop/SoC/SoC_Design/HW2/HW2Vivado/HW2/HW2.cache/ip/2022.2/e/4/e4fc8a1e72ae911a/hw2_part1_axi_uartlite_0_0_stub.vhdl to c:/Users/mvbos/Desktop/SoC/SoC_Design/HW2/HW2Vivado/HW2/HW2.gen/sources_1/bd/hw2_part2/ip/hw2_part2_axi_uartlite_0_0/hw2_part2_axi_uartlite_0_0_stub.vhdl.
INFO: [IP_Flow 19-6926] IPCACHE: added file to list for BOM: c:/Users/mvbos/Desktop/SoC/SoC_Design/HW2/HW2Vivado/HW2/HW2.gen/sources_1/bd/hw2_part2/ip/hw2_part2_axi_uartlite_0_0/hw2_part2_axi_uartlite_0_0_stub.vhdl
INFO: [IP_Flow 19-4993] Using cached IP synthesis design for IP hw2_part2_axi_uartlite_0_0, cache-ID = e4fc8a1e72ae911a; cache size = 9.534 MB.
INFO: [IP_Flow 19-6924] IPCACHE: Running cache check for IP inst: hw2_part2_rst_clk_wiz_0_100M_0
INFO: [IP_Flow 19-6922] IPCACHE: Exporting cached entry 39f2061afe77dcd4 to dir: c:/Users/mvbos/Desktop/SoC/SoC_Design/HW2/HW2Vivado/HW2/HW2.gen/sources_1/bd/hw2_part2/ip/hw2_part2_rst_clk_wiz_0_100M_0
INFO: [IP_Flow 19-6928] IPCACHE: copied cached file c:/Users/mvbos/Desktop/SoC/SoC_Design/HW2/HW2Vivado/HW2/HW2.cache/ip/2022.2/3/9/39f2061afe77dcd4/hw2_part1_rst_clk_wiz_0_100M_0.dcp to c:/Users/mvbos/Desktop/SoC/SoC_Design/HW2/HW2Vivado/HW2/HW2.gen/sources_1/bd/hw2_part2/ip/hw2_part2_rst_clk_wiz_0_100M_0/hw2_part2_rst_clk_wiz_0_100M_0.dcp.
INFO: [IP_Flow 19-6926] IPCACHE: added file to list for BOM: c:/Users/mvbos/Desktop/SoC/SoC_Design/HW2/HW2Vivado/HW2/HW2.gen/sources_1/bd/hw2_part2/ip/hw2_part2_rst_clk_wiz_0_100M_0/hw2_part2_rst_clk_wiz_0_100M_0.dcp
INFO: [IP_Flow 19-6928] IPCACHE: copied cached file c:/Users/mvbos/Desktop/SoC/SoC_Design/HW2/HW2Vivado/HW2/HW2.cache/ip/2022.2/3/9/39f2061afe77dcd4/hw2_part1_rst_clk_wiz_0_100M_0_sim_netlist.v to c:/Users/mvbos/Desktop/SoC/SoC_Design/HW2/HW2Vivado/HW2/HW2.gen/sources_1/bd/hw2_part2/ip/hw2_part2_rst_clk_wiz_0_100M_0/hw2_part2_rst_clk_wiz_0_100M_0_sim_netlist.v.
INFO: [IP_Flow 19-6926] IPCACHE: added file to list for BOM: c:/Users/mvbos/Desktop/SoC/SoC_Design/HW2/HW2Vivado/HW2/HW2.gen/sources_1/bd/hw2_part2/ip/hw2_part2_rst_clk_wiz_0_100M_0/hw2_part2_rst_clk_wiz_0_100M_0_sim_netlist.v
INFO: [IP_Flow 19-6928] IPCACHE: copied cached file c:/Users/mvbos/Desktop/SoC/SoC_Design/HW2/HW2Vivado/HW2/HW2.cache/ip/2022.2/3/9/39f2061afe77dcd4/hw2_part1_rst_clk_wiz_0_100M_0_sim_netlist.vhdl to c:/Users/mvbos/Desktop/SoC/SoC_Design/HW2/HW2Vivado/HW2/HW2.gen/sources_1/bd/hw2_part2/ip/hw2_part2_rst_clk_wiz_0_100M_0/hw2_part2_rst_clk_wiz_0_100M_0_sim_netlist.vhdl.
INFO: [IP_Flow 19-6926] IPCACHE: added file to list for BOM: c:/Users/mvbos/Desktop/SoC/SoC_Design/HW2/HW2Vivado/HW2/HW2.gen/sources_1/bd/hw2_part2/ip/hw2_part2_rst_clk_wiz_0_100M_0/hw2_part2_rst_clk_wiz_0_100M_0_sim_netlist.vhdl
INFO: [IP_Flow 19-6928] IPCACHE: copied cached file c:/Users/mvbos/Desktop/SoC/SoC_Design/HW2/HW2Vivado/HW2/HW2.cache/ip/2022.2/3/9/39f2061afe77dcd4/hw2_part1_rst_clk_wiz_0_100M_0_stub.v to c:/Users/mvbos/Desktop/SoC/SoC_Design/HW2/HW2Vivado/HW2/HW2.gen/sources_1/bd/hw2_part2/ip/hw2_part2_rst_clk_wiz_0_100M_0/hw2_part2_rst_clk_wiz_0_100M_0_stub.v.
INFO: [IP_Flow 19-6926] IPCACHE: added file to list for BOM: c:/Users/mvbos/Desktop/SoC/SoC_Design/HW2/HW2Vivado/HW2/HW2.gen/sources_1/bd/hw2_part2/ip/hw2_part2_rst_clk_wiz_0_100M_0/hw2_part2_rst_clk_wiz_0_100M_0_stub.v
INFO: [IP_Flow 19-6928] IPCACHE: copied cached file c:/Users/mvbos/Desktop/SoC/SoC_Design/HW2/HW2Vivado/HW2/HW2.cache/ip/2022.2/3/9/39f2061afe77dcd4/hw2_part1_rst_clk_wiz_0_100M_0_stub.vhdl to c:/Users/mvbos/Desktop/SoC/SoC_Design/HW2/HW2Vivado/HW2/HW2.gen/sources_1/bd/hw2_part2/ip/hw2_part2_rst_clk_wiz_0_100M_0/hw2_part2_rst_clk_wiz_0_100M_0_stub.vhdl.
INFO: [IP_Flow 19-6926] IPCACHE: added file to list for BOM: c:/Users/mvbos/Desktop/SoC/SoC_Design/HW2/HW2Vivado/HW2/HW2.gen/sources_1/bd/hw2_part2/ip/hw2_part2_rst_clk_wiz_0_100M_0/hw2_part2_rst_clk_wiz_0_100M_0_stub.vhdl
INFO: [IP_Flow 19-4993] Using cached IP synthesis design for IP hw2_part2_rst_clk_wiz_0_100M_0, cache-ID = 39f2061afe77dcd4; cache size = 9.534 MB.
INFO: [IP_Flow 19-6924] IPCACHE: Running cache check for IP inst: hw2_part2_clk_wiz_0_0
INFO: [IP_Flow 19-6924] IPCACHE: Running cache check for IP inst: hw2_part2_dlmb_bram_if_cntlr_0
INFO: [IP_Flow 19-6922] IPCACHE: Exporting cached entry cb0d3a2616350919 to dir: c:/Users/mvbos/Desktop/SoC/SoC_Design/HW2/HW2Vivado/HW2/HW2.gen/sources_1/bd/hw2_part2/ip/hw2_part2_dlmb_bram_if_cntlr_0
INFO: [IP_Flow 19-6928] IPCACHE: copied cached file c:/Users/mvbos/Desktop/SoC/SoC_Design/HW2/HW2Vivado/HW2/HW2.cache/ip/2022.2/c/b/cb0d3a2616350919/hw2_part1_dlmb_bram_if_cntlr_0.dcp to c:/Users/mvbos/Desktop/SoC/SoC_Design/HW2/HW2Vivado/HW2/HW2.gen/sources_1/bd/hw2_part2/ip/hw2_part2_dlmb_bram_if_cntlr_0/hw2_part2_dlmb_bram_if_cntlr_0.dcp.
INFO: [IP_Flow 19-6926] IPCACHE: added file to list for BOM: c:/Users/mvbos/Desktop/SoC/SoC_Design/HW2/HW2Vivado/HW2/HW2.gen/sources_1/bd/hw2_part2/ip/hw2_part2_dlmb_bram_if_cntlr_0/hw2_part2_dlmb_bram_if_cntlr_0.dcp
INFO: [IP_Flow 19-6928] IPCACHE: copied cached file c:/Users/mvbos/Desktop/SoC/SoC_Design/HW2/HW2Vivado/HW2/HW2.cache/ip/2022.2/c/b/cb0d3a2616350919/hw2_part1_dlmb_bram_if_cntlr_0_sim_netlist.v to c:/Users/mvbos/Desktop/SoC/SoC_Design/HW2/HW2Vivado/HW2/HW2.gen/sources_1/bd/hw2_part2/ip/hw2_part2_dlmb_bram_if_cntlr_0/hw2_part2_dlmb_bram_if_cntlr_0_sim_netlist.v.
INFO: [IP_Flow 19-6926] IPCACHE: added file to list for BOM: c:/Users/mvbos/Desktop/SoC/SoC_Design/HW2/HW2Vivado/HW2/HW2.gen/sources_1/bd/hw2_part2/ip/hw2_part2_dlmb_bram_if_cntlr_0/hw2_part2_dlmb_bram_if_cntlr_0_sim_netlist.v
INFO: [IP_Flow 19-6928] IPCACHE: copied cached file c:/Users/mvbos/Desktop/SoC/SoC_Design/HW2/HW2Vivado/HW2/HW2.cache/ip/2022.2/c/b/cb0d3a2616350919/hw2_part1_dlmb_bram_if_cntlr_0_sim_netlist.vhdl to c:/Users/mvbos/Desktop/SoC/SoC_Design/HW2/HW2Vivado/HW2/HW2.gen/sources_1/bd/hw2_part2/ip/hw2_part2_dlmb_bram_if_cntlr_0/hw2_part2_dlmb_bram_if_cntlr_0_sim_netlist.vhdl.
INFO: [IP_Flow 19-6926] IPCACHE: added file to list for BOM: c:/Users/mvbos/Desktop/SoC/SoC_Design/HW2/HW2Vivado/HW2/HW2.gen/sources_1/bd/hw2_part2/ip/hw2_part2_dlmb_bram_if_cntlr_0/hw2_part2_dlmb_bram_if_cntlr_0_sim_netlist.vhdl
INFO: [IP_Flow 19-6928] IPCACHE: copied cached file c:/Users/mvbos/Desktop/SoC/SoC_Design/HW2/HW2Vivado/HW2/HW2.cache/ip/2022.2/c/b/cb0d3a2616350919/hw2_part1_dlmb_bram_if_cntlr_0_stub.v to c:/Users/mvbos/Desktop/SoC/SoC_Design/HW2/HW2Vivado/HW2/HW2.gen/sources_1/bd/hw2_part2/ip/hw2_part2_dlmb_bram_if_cntlr_0/hw2_part2_dlmb_bram_if_cntlr_0_stub.v.
INFO: [IP_Flow 19-6926] IPCACHE: added file to list for BOM: c:/Users/mvbos/Desktop/SoC/SoC_Design/HW2/HW2Vivado/HW2/HW2.gen/sources_1/bd/hw2_part2/ip/hw2_part2_dlmb_bram_if_cntlr_0/hw2_part2_dlmb_bram_if_cntlr_0_stub.v
INFO: [IP_Flow 19-6928] IPCACHE: copied cached file c:/Users/mvbos/Desktop/SoC/SoC_Design/HW2/HW2Vivado/HW2/HW2.cache/ip/2022.2/c/b/cb0d3a2616350919/hw2_part1_dlmb_bram_if_cntlr_0_stub.vhdl to c:/Users/mvbos/Desktop/SoC/SoC_Design/HW2/HW2Vivado/HW2/HW2.gen/sources_1/bd/hw2_part2/ip/hw2_part2_dlmb_bram_if_cntlr_0/hw2_part2_dlmb_bram_if_cntlr_0_stub.vhdl.
INFO: [IP_Flow 19-6926] IPCACHE: added file to list for BOM: c:/Users/mvbos/Desktop/SoC/SoC_Design/HW2/HW2Vivado/HW2/HW2.gen/sources_1/bd/hw2_part2/ip/hw2_part2_dlmb_bram_if_cntlr_0/hw2_part2_dlmb_bram_if_cntlr_0_stub.vhdl
INFO: [IP_Flow 19-4993] Using cached IP synthesis design for IP hw2_part2_dlmb_bram_if_cntlr_0, cache-ID = cb0d3a2616350919; cache size = 9.534 MB.
INFO: [IP_Flow 19-6924] IPCACHE: Running cache check for IP inst: hw2_part2_xbar_0
INFO: [IP_Flow 19-6924] IPCACHE: Running cache check for IP inst: hw2_part2_dlmb_v10_0
INFO: [IP_Flow 19-6922] IPCACHE: Exporting cached entry 069d3df0e329f5e0 to dir: c:/Users/mvbos/Desktop/SoC/SoC_Design/HW2/HW2Vivado/HW2/HW2.gen/sources_1/bd/hw2_part2/ip/hw2_part2_dlmb_v10_0
INFO: [IP_Flow 19-6928] IPCACHE: copied cached file c:/Users/mvbos/Desktop/SoC/SoC_Design/HW2/HW2Vivado/HW2/HW2.cache/ip/2022.2/0/6/069d3df0e329f5e0/hw2_part1_ilmb_v10_0.dcp to c:/Users/mvbos/Desktop/SoC/SoC_Design/HW2/HW2Vivado/HW2/HW2.gen/sources_1/bd/hw2_part2/ip/hw2_part2_dlmb_v10_0/hw2_part2_dlmb_v10_0.dcp.
INFO: [IP_Flow 19-6926] IPCACHE: added file to list for BOM: c:/Users/mvbos/Desktop/SoC/SoC_Design/HW2/HW2Vivado/HW2/HW2.gen/sources_1/bd/hw2_part2/ip/hw2_part2_dlmb_v10_0/hw2_part2_dlmb_v10_0.dcp
INFO: [IP_Flow 19-6928] IPCACHE: copied cached file c:/Users/mvbos/Desktop/SoC/SoC_Design/HW2/HW2Vivado/HW2/HW2.cache/ip/2022.2/0/6/069d3df0e329f5e0/hw2_part1_ilmb_v10_0_sim_netlist.v to c:/Users/mvbos/Desktop/SoC/SoC_Design/HW2/HW2Vivado/HW2/HW2.gen/sources_1/bd/hw2_part2/ip/hw2_part2_dlmb_v10_0/hw2_part2_dlmb_v10_0_sim_netlist.v.
INFO: [IP_Flow 19-6926] IPCACHE: added file to list for BOM: c:/Users/mvbos/Desktop/SoC/SoC_Design/HW2/HW2Vivado/HW2/HW2.gen/sources_1/bd/hw2_part2/ip/hw2_part2_dlmb_v10_0/hw2_part2_dlmb_v10_0_sim_netlist.v
INFO: [IP_Flow 19-6928] IPCACHE: copied cached file c:/Users/mvbos/Desktop/SoC/SoC_Design/HW2/HW2Vivado/HW2/HW2.cache/ip/2022.2/0/6/069d3df0e329f5e0/hw2_part1_ilmb_v10_0_sim_netlist.vhdl to c:/Users/mvbos/Desktop/SoC/SoC_Design/HW2/HW2Vivado/HW2/HW2.gen/sources_1/bd/hw2_part2/ip/hw2_part2_dlmb_v10_0/hw2_part2_dlmb_v10_0_sim_netlist.vhdl.
INFO: [IP_Flow 19-6926] IPCACHE: added file to list for BOM: c:/Users/mvbos/Desktop/SoC/SoC_Design/HW2/HW2Vivado/HW2/HW2.gen/sources_1/bd/hw2_part2/ip/hw2_part2_dlmb_v10_0/hw2_part2_dlmb_v10_0_sim_netlist.vhdl
INFO: [IP_Flow 19-6928] IPCACHE: copied cached file c:/Users/mvbos/Desktop/SoC/SoC_Design/HW2/HW2Vivado/HW2/HW2.cache/ip/2022.2/0/6/069d3df0e329f5e0/hw2_part1_ilmb_v10_0_stub.v to c:/Users/mvbos/Desktop/SoC/SoC_Design/HW2/HW2Vivado/HW2/HW2.gen/sources_1/bd/hw2_part2/ip/hw2_part2_dlmb_v10_0/hw2_part2_dlmb_v10_0_stub.v.
INFO: [IP_Flow 19-6926] IPCACHE: added file to list for BOM: c:/Users/mvbos/Desktop/SoC/SoC_Design/HW2/HW2Vivado/HW2/HW2.gen/sources_1/bd/hw2_part2/ip/hw2_part2_dlmb_v10_0/hw2_part2_dlmb_v10_0_stub.v
INFO: [IP_Flow 19-6928] IPCACHE: copied cached file c:/Users/mvbos/Desktop/SoC/SoC_Design/HW2/HW2Vivado/HW2/HW2.cache/ip/2022.2/0/6/069d3df0e329f5e0/hw2_part1_ilmb_v10_0_stub.vhdl to c:/Users/mvbos/Desktop/SoC/SoC_Design/HW2/HW2Vivado/HW2/HW2.gen/sources_1/bd/hw2_part2/ip/hw2_part2_dlmb_v10_0/hw2_part2_dlmb_v10_0_stub.vhdl.
INFO: [IP_Flow 19-6926] IPCACHE: added file to list for BOM: c:/Users/mvbos/Desktop/SoC/SoC_Design/HW2/HW2Vivado/HW2/HW2.gen/sources_1/bd/hw2_part2/ip/hw2_part2_dlmb_v10_0/hw2_part2_dlmb_v10_0_stub.vhdl
INFO: [IP_Flow 19-4993] Using cached IP synthesis design for IP hw2_part2_dlmb_v10_0, cache-ID = 069d3df0e329f5e0; cache size = 9.534 MB.
INFO: [IP_Flow 19-6924] IPCACHE: Running cache check for IP inst: hw2_part2_ilmb_bram_if_cntlr_0
INFO: [IP_Flow 19-6922] IPCACHE: Exporting cached entry 888e57d4a0ac0902 to dir: c:/Users/mvbos/Desktop/SoC/SoC_Design/HW2/HW2Vivado/HW2/HW2.gen/sources_1/bd/hw2_part2/ip/hw2_part2_ilmb_bram_if_cntlr_0
INFO: [IP_Flow 19-6928] IPCACHE: copied cached file c:/Users/mvbos/Desktop/SoC/SoC_Design/HW2/HW2Vivado/HW2/HW2.cache/ip/2022.2/8/8/888e57d4a0ac0902/hw2_part1_ilmb_bram_if_cntlr_0.dcp to c:/Users/mvbos/Desktop/SoC/SoC_Design/HW2/HW2Vivado/HW2/HW2.gen/sources_1/bd/hw2_part2/ip/hw2_part2_ilmb_bram_if_cntlr_0/hw2_part2_ilmb_bram_if_cntlr_0.dcp.
INFO: [IP_Flow 19-6926] IPCACHE: added file to list for BOM: c:/Users/mvbos/Desktop/SoC/SoC_Design/HW2/HW2Vivado/HW2/HW2.gen/sources_1/bd/hw2_part2/ip/hw2_part2_ilmb_bram_if_cntlr_0/hw2_part2_ilmb_bram_if_cntlr_0.dcp
INFO: [IP_Flow 19-6928] IPCACHE: copied cached file c:/Users/mvbos/Desktop/SoC/SoC_Design/HW2/HW2Vivado/HW2/HW2.cache/ip/2022.2/8/8/888e57d4a0ac0902/hw2_part1_ilmb_bram_if_cntlr_0_sim_netlist.v to c:/Users/mvbos/Desktop/SoC/SoC_Design/HW2/HW2Vivado/HW2/HW2.gen/sources_1/bd/hw2_part2/ip/hw2_part2_ilmb_bram_if_cntlr_0/hw2_part2_ilmb_bram_if_cntlr_0_sim_netlist.v.
INFO: [IP_Flow 19-6926] IPCACHE: added file to list for BOM: c:/Users/mvbos/Desktop/SoC/SoC_Design/HW2/HW2Vivado/HW2/HW2.gen/sources_1/bd/hw2_part2/ip/hw2_part2_ilmb_bram_if_cntlr_0/hw2_part2_ilmb_bram_if_cntlr_0_sim_netlist.v
INFO: [IP_Flow 19-6928] IPCACHE: copied cached file c:/Users/mvbos/Desktop/SoC/SoC_Design/HW2/HW2Vivado/HW2/HW2.cache/ip/2022.2/8/8/888e57d4a0ac0902/hw2_part1_ilmb_bram_if_cntlr_0_sim_netlist.vhdl to c:/Users/mvbos/Desktop/SoC/SoC_Design/HW2/HW2Vivado/HW2/HW2.gen/sources_1/bd/hw2_part2/ip/hw2_part2_ilmb_bram_if_cntlr_0/hw2_part2_ilmb_bram_if_cntlr_0_sim_netlist.vhdl.
INFO: [IP_Flow 19-6926] IPCACHE: added file to list for BOM: c:/Users/mvbos/Desktop/SoC/SoC_Design/HW2/HW2Vivado/HW2/HW2.gen/sources_1/bd/hw2_part2/ip/hw2_part2_ilmb_bram_if_cntlr_0/hw2_part2_ilmb_bram_if_cntlr_0_sim_netlist.vhdl
INFO: [IP_Flow 19-6928] IPCACHE: copied cached file c:/Users/mvbos/Desktop/SoC/SoC_Design/HW2/HW2Vivado/HW2/HW2.cache/ip/2022.2/8/8/888e57d4a0ac0902/hw2_part1_ilmb_bram_if_cntlr_0_stub.v to c:/Users/mvbos/Desktop/SoC/SoC_Design/HW2/HW2Vivado/HW2/HW2.gen/sources_1/bd/hw2_part2/ip/hw2_part2_ilmb_bram_if_cntlr_0/hw2_part2_ilmb_bram_if_cntlr_0_stub.v.
INFO: [IP_Flow 19-6926] IPCACHE: added file to list for BOM: c:/Users/mvbos/Desktop/SoC/SoC_Design/HW2/HW2Vivado/HW2/HW2.gen/sources_1/bd/hw2_part2/ip/hw2_part2_ilmb_bram_if_cntlr_0/hw2_part2_ilmb_bram_if_cntlr_0_stub.v
INFO: [IP_Flow 19-6928] IPCACHE: copied cached file c:/Users/mvbos/Desktop/SoC/SoC_Design/HW2/HW2Vivado/HW2/HW2.cache/ip/2022.2/8/8/888e57d4a0ac0902/hw2_part1_ilmb_bram_if_cntlr_0_stub.vhdl to c:/Users/mvbos/Desktop/SoC/SoC_Design/HW2/HW2Vivado/HW2/HW2.gen/sources_1/bd/hw2_part2/ip/hw2_part2_ilmb_bram_if_cntlr_0/hw2_part2_ilmb_bram_if_cntlr_0_stub.vhdl.
INFO: [IP_Flow 19-6926] IPCACHE: added file to list for BOM: c:/Users/mvbos/Desktop/SoC/SoC_Design/HW2/HW2Vivado/HW2/HW2.gen/sources_1/bd/hw2_part2/ip/hw2_part2_ilmb_bram_if_cntlr_0/hw2_part2_ilmb_bram_if_cntlr_0_stub.vhdl
INFO: [IP_Flow 19-4993] Using cached IP synthesis design for IP hw2_part2_ilmb_bram_if_cntlr_0, cache-ID = 888e57d4a0ac0902; cache size = 9.534 MB.
INFO: [IP_Flow 19-6924] IPCACHE: Running cache check for IP inst: hw2_part2_ilmb_v10_0
INFO: [IP_Flow 19-6922] IPCACHE: Exporting cached entry 069d3df0e329f5e0 to dir: c:/Users/mvbos/Desktop/SoC/SoC_Design/HW2/HW2Vivado/HW2/HW2.gen/sources_1/bd/hw2_part2/ip/hw2_part2_ilmb_v10_0
INFO: [IP_Flow 19-6928] IPCACHE: copied cached file c:/Users/mvbos/Desktop/SoC/SoC_Design/HW2/HW2Vivado/HW2/HW2.cache/ip/2022.2/0/6/069d3df0e329f5e0/hw2_part1_ilmb_v10_0.dcp to c:/Users/mvbos/Desktop/SoC/SoC_Design/HW2/HW2Vivado/HW2/HW2.gen/sources_1/bd/hw2_part2/ip/hw2_part2_ilmb_v10_0/hw2_part2_ilmb_v10_0.dcp.
INFO: [IP_Flow 19-6926] IPCACHE: added file to list for BOM: c:/Users/mvbos/Desktop/SoC/SoC_Design/HW2/HW2Vivado/HW2/HW2.gen/sources_1/bd/hw2_part2/ip/hw2_part2_ilmb_v10_0/hw2_part2_ilmb_v10_0.dcp
INFO: [IP_Flow 19-6928] IPCACHE: copied cached file c:/Users/mvbos/Desktop/SoC/SoC_Design/HW2/HW2Vivado/HW2/HW2.cache/ip/2022.2/0/6/069d3df0e329f5e0/hw2_part1_ilmb_v10_0_sim_netlist.v to c:/Users/mvbos/Desktop/SoC/SoC_Design/HW2/HW2Vivado/HW2/HW2.gen/sources_1/bd/hw2_part2/ip/hw2_part2_ilmb_v10_0/hw2_part2_ilmb_v10_0_sim_netlist.v.
INFO: [IP_Flow 19-6926] IPCACHE: added file to list for BOM: c:/Users/mvbos/Desktop/SoC/SoC_Design/HW2/HW2Vivado/HW2/HW2.gen/sources_1/bd/hw2_part2/ip/hw2_part2_ilmb_v10_0/hw2_part2_ilmb_v10_0_sim_netlist.v
INFO: [IP_Flow 19-6928] IPCACHE: copied cached file c:/Users/mvbos/Desktop/SoC/SoC_Design/HW2/HW2Vivado/HW2/HW2.cache/ip/2022.2/0/6/069d3df0e329f5e0/hw2_part1_ilmb_v10_0_sim_netlist.vhdl to c:/Users/mvbos/Desktop/SoC/SoC_Design/HW2/HW2Vivado/HW2/HW2.gen/sources_1/bd/hw2_part2/ip/hw2_part2_ilmb_v10_0/hw2_part2_ilmb_v10_0_sim_netlist.vhdl.
INFO: [IP_Flow 19-6926] IPCACHE: added file to list for BOM: c:/Users/mvbos/Desktop/SoC/SoC_Design/HW2/HW2Vivado/HW2/HW2.gen/sources_1/bd/hw2_part2/ip/hw2_part2_ilmb_v10_0/hw2_part2_ilmb_v10_0_sim_netlist.vhdl
INFO: [IP_Flow 19-6928] IPCACHE: copied cached file c:/Users/mvbos/Desktop/SoC/SoC_Design/HW2/HW2Vivado/HW2/HW2.cache/ip/2022.2/0/6/069d3df0e329f5e0/hw2_part1_ilmb_v10_0_stub.v to c:/Users/mvbos/Desktop/SoC/SoC_Design/HW2/HW2Vivado/HW2/HW2.gen/sources_1/bd/hw2_part2/ip/hw2_part2_ilmb_v10_0/hw2_part2_ilmb_v10_0_stub.v.
INFO: [IP_Flow 19-6926] IPCACHE: added file to list for BOM: c:/Users/mvbos/Desktop/SoC/SoC_Design/HW2/HW2Vivado/HW2/HW2.gen/sources_1/bd/hw2_part2/ip/hw2_part2_ilmb_v10_0/hw2_part2_ilmb_v10_0_stub.v
INFO: [IP_Flow 19-6928] IPCACHE: copied cached file c:/Users/mvbos/Desktop/SoC/SoC_Design/HW2/HW2Vivado/HW2/HW2.cache/ip/2022.2/0/6/069d3df0e329f5e0/hw2_part1_ilmb_v10_0_stub.vhdl to c:/Users/mvbos/Desktop/SoC/SoC_Design/HW2/HW2Vivado/HW2/HW2.gen/sources_1/bd/hw2_part2/ip/hw2_part2_ilmb_v10_0/hw2_part2_ilmb_v10_0_stub.vhdl.
INFO: [IP_Flow 19-6926] IPCACHE: added file to list for BOM: c:/Users/mvbos/Desktop/SoC/SoC_Design/HW2/HW2Vivado/HW2/HW2.gen/sources_1/bd/hw2_part2/ip/hw2_part2_ilmb_v10_0/hw2_part2_ilmb_v10_0_stub.vhdl
INFO: [IP_Flow 19-4993] Using cached IP synthesis design for IP hw2_part2_ilmb_v10_0, cache-ID = 069d3df0e329f5e0; cache size = 9.534 MB.
INFO: [IP_Flow 19-6924] IPCACHE: Running cache check for IP inst: hw2_part2_lmb_bram_0
INFO: [IP_Flow 19-6924] IPCACHE: Running cache check for IP inst: hw2_part2_mdm_1_0
INFO: [IP_Flow 19-6922] IPCACHE: Exporting cached entry 934e9213accf2527 to dir: c:/Users/mvbos/Desktop/SoC/SoC_Design/HW2/HW2Vivado/HW2/HW2.gen/sources_1/bd/hw2_part2/ip/hw2_part2_mdm_1_0
INFO: [IP_Flow 19-6928] IPCACHE: copied cached file c:/Users/mvbos/Desktop/SoC/SoC_Design/HW2/HW2Vivado/HW2/HW2.cache/ip/2022.2/9/3/934e9213accf2527/hw2_part1_mdm_1_0.dcp to c:/Users/mvbos/Desktop/SoC/SoC_Design/HW2/HW2Vivado/HW2/HW2.gen/sources_1/bd/hw2_part2/ip/hw2_part2_mdm_1_0/hw2_part2_mdm_1_0.dcp.
INFO: [IP_Flow 19-6926] IPCACHE: added file to list for BOM: c:/Users/mvbos/Desktop/SoC/SoC_Design/HW2/HW2Vivado/HW2/HW2.gen/sources_1/bd/hw2_part2/ip/hw2_part2_mdm_1_0/hw2_part2_mdm_1_0.dcp
INFO: [IP_Flow 19-6928] IPCACHE: copied cached file c:/Users/mvbos/Desktop/SoC/SoC_Design/HW2/HW2Vivado/HW2/HW2.cache/ip/2022.2/9/3/934e9213accf2527/hw2_part1_mdm_1_0_sim_netlist.v to c:/Users/mvbos/Desktop/SoC/SoC_Design/HW2/HW2Vivado/HW2/HW2.gen/sources_1/bd/hw2_part2/ip/hw2_part2_mdm_1_0/hw2_part2_mdm_1_0_sim_netlist.v.
INFO: [IP_Flow 19-6926] IPCACHE: added file to list for BOM: c:/Users/mvbos/Desktop/SoC/SoC_Design/HW2/HW2Vivado/HW2/HW2.gen/sources_1/bd/hw2_part2/ip/hw2_part2_mdm_1_0/hw2_part2_mdm_1_0_sim_netlist.v
INFO: [IP_Flow 19-6928] IPCACHE: copied cached file c:/Users/mvbos/Desktop/SoC/SoC_Design/HW2/HW2Vivado/HW2/HW2.cache/ip/2022.2/9/3/934e9213accf2527/hw2_part1_mdm_1_0_sim_netlist.vhdl to c:/Users/mvbos/Desktop/SoC/SoC_Design/HW2/HW2Vivado/HW2/HW2.gen/sources_1/bd/hw2_part2/ip/hw2_part2_mdm_1_0/hw2_part2_mdm_1_0_sim_netlist.vhdl.
INFO: [IP_Flow 19-6926] IPCACHE: added file to list for BOM: c:/Users/mvbos/Desktop/SoC/SoC_Design/HW2/HW2Vivado/HW2/HW2.gen/sources_1/bd/hw2_part2/ip/hw2_part2_mdm_1_0/hw2_part2_mdm_1_0_sim_netlist.vhdl
INFO: [IP_Flow 19-6928] IPCACHE: copied cached file c:/Users/mvbos/Desktop/SoC/SoC_Design/HW2/HW2Vivado/HW2/HW2.cache/ip/2022.2/9/3/934e9213accf2527/hw2_part1_mdm_1_0_stub.v to c:/Users/mvbos/Desktop/SoC/SoC_Design/HW2/HW2Vivado/HW2/HW2.gen/sources_1/bd/hw2_part2/ip/hw2_part2_mdm_1_0/hw2_part2_mdm_1_0_stub.v.
INFO: [IP_Flow 19-6926] IPCACHE: added file to list for BOM: c:/Users/mvbos/Desktop/SoC/SoC_Design/HW2/HW2Vivado/HW2/HW2.gen/sources_1/bd/hw2_part2/ip/hw2_part2_mdm_1_0/hw2_part2_mdm_1_0_stub.v
INFO: [IP_Flow 19-6928] IPCACHE: copied cached file c:/Users/mvbos/Desktop/SoC/SoC_Design/HW2/HW2Vivado/HW2/HW2.cache/ip/2022.2/9/3/934e9213accf2527/hw2_part1_mdm_1_0_stub.vhdl to c:/Users/mvbos/Desktop/SoC/SoC_Design/HW2/HW2Vivado/HW2/HW2.gen/sources_1/bd/hw2_part2/ip/hw2_part2_mdm_1_0/hw2_part2_mdm_1_0_stub.vhdl.
INFO: [IP_Flow 19-6926] IPCACHE: added file to list for BOM: c:/Users/mvbos/Desktop/SoC/SoC_Design/HW2/HW2Vivado/HW2/HW2.gen/sources_1/bd/hw2_part2/ip/hw2_part2_mdm_1_0/hw2_part2_mdm_1_0_stub.vhdl
INFO: [IP_Flow 19-4993] Using cached IP synthesis design for IP hw2_part2_mdm_1_0, cache-ID = 934e9213accf2527; cache size = 9.534 MB.
INFO: [IP_Flow 19-6924] IPCACHE: Running cache check for IP inst: hw2_part2_microblaze_0_0
INFO: [IP_Flow 19-6922] IPCACHE: Exporting cached entry d3cf6ea81c234b1d to dir: c:/Users/mvbos/Desktop/SoC/SoC_Design/HW2/HW2Vivado/HW2/HW2.gen/sources_1/bd/hw2_part2/ip/hw2_part2_microblaze_0_0
INFO: [IP_Flow 19-6928] IPCACHE: copied cached file c:/Users/mvbos/Desktop/SoC/SoC_Design/HW2/HW2Vivado/HW2/HW2.cache/ip/2022.2/d/3/d3cf6ea81c234b1d/hw2_part1_microblaze_0_0.dcp to c:/Users/mvbos/Desktop/SoC/SoC_Design/HW2/HW2Vivado/HW2/HW2.gen/sources_1/bd/hw2_part2/ip/hw2_part2_microblaze_0_0/hw2_part2_microblaze_0_0.dcp.
INFO: [IP_Flow 19-6926] IPCACHE: added file to list for BOM: c:/Users/mvbos/Desktop/SoC/SoC_Design/HW2/HW2Vivado/HW2/HW2.gen/sources_1/bd/hw2_part2/ip/hw2_part2_microblaze_0_0/hw2_part2_microblaze_0_0.dcp
INFO: [IP_Flow 19-6928] IPCACHE: copied cached file c:/Users/mvbos/Desktop/SoC/SoC_Design/HW2/HW2Vivado/HW2/HW2.cache/ip/2022.2/d/3/d3cf6ea81c234b1d/hw2_part1_microblaze_0_0_sim_netlist.v to c:/Users/mvbos/Desktop/SoC/SoC_Design/HW2/HW2Vivado/HW2/HW2.gen/sources_1/bd/hw2_part2/ip/hw2_part2_microblaze_0_0/hw2_part2_microblaze_0_0_sim_netlist.v.
INFO: [IP_Flow 19-6926] IPCACHE: added file to list for BOM: c:/Users/mvbos/Desktop/SoC/SoC_Design/HW2/HW2Vivado/HW2/HW2.gen/sources_1/bd/hw2_part2/ip/hw2_part2_microblaze_0_0/hw2_part2_microblaze_0_0_sim_netlist.v
INFO: [IP_Flow 19-6928] IPCACHE: copied cached file c:/Users/mvbos/Desktop/SoC/SoC_Design/HW2/HW2Vivado/HW2/HW2.cache/ip/2022.2/d/3/d3cf6ea81c234b1d/hw2_part1_microblaze_0_0_sim_netlist.vhdl to c:/Users/mvbos/Desktop/SoC/SoC_Design/HW2/HW2Vivado/HW2/HW2.gen/sources_1/bd/hw2_part2/ip/hw2_part2_microblaze_0_0/hw2_part2_microblaze_0_0_sim_netlist.vhdl.
INFO: [IP_Flow 19-6926] IPCACHE: added file to list for BOM: c:/Users/mvbos/Desktop/SoC/SoC_Design/HW2/HW2Vivado/HW2/HW2.gen/sources_1/bd/hw2_part2/ip/hw2_part2_microblaze_0_0/hw2_part2_microblaze_0_0_sim_netlist.vhdl
INFO: [IP_Flow 19-6928] IPCACHE: copied cached file c:/Users/mvbos/Desktop/SoC/SoC_Design/HW2/HW2Vivado/HW2/HW2.cache/ip/2022.2/d/3/d3cf6ea81c234b1d/hw2_part1_microblaze_0_0_stub.v to c:/Users/mvbos/Desktop/SoC/SoC_Design/HW2/HW2Vivado/HW2/HW2.gen/sources_1/bd/hw2_part2/ip/hw2_part2_microblaze_0_0/hw2_part2_microblaze_0_0_stub.v.
INFO: [IP_Flow 19-6926] IPCACHE: added file to list for BOM: c:/Users/mvbos/Desktop/SoC/SoC_Design/HW2/HW2Vivado/HW2/HW2.gen/sources_1/bd/hw2_part2/ip/hw2_part2_microblaze_0_0/hw2_part2_microblaze_0_0_stub.v
INFO: [IP_Flow 19-6928] IPCACHE: copied cached file c:/Users/mvbos/Desktop/SoC/SoC_Design/HW2/HW2Vivado/HW2/HW2.cache/ip/2022.2/d/3/d3cf6ea81c234b1d/hw2_part1_microblaze_0_0_stub.vhdl to c:/Users/mvbos/Desktop/SoC/SoC_Design/HW2/HW2Vivado/HW2/HW2.gen/sources_1/bd/hw2_part2/ip/hw2_part2_microblaze_0_0/hw2_part2_microblaze_0_0_stub.vhdl.
INFO: [IP_Flow 19-6926] IPCACHE: added file to list for BOM: c:/Users/mvbos/Desktop/SoC/SoC_Design/HW2/HW2Vivado/HW2/HW2.gen/sources_1/bd/hw2_part2/ip/hw2_part2_microblaze_0_0/hw2_part2_microblaze_0_0_stub.vhdl
INFO: [IP_Flow 19-4993] Using cached IP synthesis design for IP hw2_part2_microblaze_0_0, cache-ID = d3cf6ea81c234b1d; cache size = 9.534 MB.
[Thu Feb 23 18:58:14 2023] Launched hw2_part2_RSA_0_0_synth_1, hw2_part2_xbar_0_synth_1, hw2_part2_clk_wiz_0_0_synth_1, hw2_part2_lmb_bram_0_synth_1...
Run output will be captured here:
hw2_part2_RSA_0_0_synth_1: C:/Users/mvbos/Desktop/SoC/SoC_Design/HW2/HW2Vivado/HW2/HW2.runs/hw2_part2_RSA_0_0_synth_1/runme.log
hw2_part2_xbar_0_synth_1: C:/Users/mvbos/Desktop/SoC/SoC_Design/HW2/HW2Vivado/HW2/HW2.runs/hw2_part2_xbar_0_synth_1/runme.log
hw2_part2_clk_wiz_0_0_synth_1: C:/Users/mvbos/Desktop/SoC/SoC_Design/HW2/HW2Vivado/HW2/HW2.runs/hw2_part2_clk_wiz_0_0_synth_1/runme.log
hw2_part2_lmb_bram_0_synth_1: C:/Users/mvbos/Desktop/SoC/SoC_Design/HW2/HW2Vivado/HW2/HW2.runs/hw2_part2_lmb_bram_0_synth_1/runme.log
[Thu Feb 23 18:58:14 2023] Launched synth_1...
Run output will be captured here: C:/Users/mvbos/Desktop/SoC/SoC_Design/HW2/HW2Vivado/HW2/HW2.runs/synth_1/runme.log
launch_runs: Time (s): cpu = 00:00:14 ; elapsed = 00:00:22 . Memory (MB): peak = 1957.918 ; gain = 20.430
launch_runs impl_1 -jobs 8
[Thu Feb 23 19:02:46 2023] Launched impl_1...
Run output will be captured here: C:/Users/mvbos/Desktop/SoC/SoC_Design/HW2/HW2Vivado/HW2/HW2.runs/impl_1/runme.log
open_project C:/Users/mvbos/Desktop/SoC/SoC_Design/HW2/HW2Vivado/ip_repo/edit_RSA_v1_0.xpr
INFO: [filemgmt 56-3] Default IP Output Path : Could not find the directory 'C:/Users/mvbos/Desktop/SoC/SoC_Design/HW2/HW2Vivado/ip_repo/edit_RSA_v1_0.gen/sources_1'.
Scanning sources...
Finished scanning sources
INFO: [IP_Flow 19-234] Refreshing IP repositories
INFO: [IP_Flow 19-1700] Loaded user IP repository 'c:/Users/mvbos/Desktop/SoC/SoC_Design/HW2/HW2Vivado/ip_repo/RSA_1_0'.
INFO: [IP_Flow 19-2313] Loaded Vivado IP repository 'E:/Xilinx/Vivado/2022.2/data/ip'.
WARNING: [Board 49-26] cannot add Board Part xilinx.com:vck190:part0:2.2 available at E:/Xilinx/Vivado/2022.2/data/xhub/boards/XilinxBoardStore/boards/Xilinx/vck190/production/2.2/board.xml as part xcvc1902-vsva2197-2mp-e-s specified in board_part file is either invalid or not available
WARNING: [Board 49-26] cannot add Board Part xilinx.com:vck190:part0:3.0 available at E:/Xilinx/Vivado/2022.2/data/xhub/boards/XilinxBoardStore/boards/Xilinx/vck190/production/3.0/board.xml as part xcvc1902-vsva2197-2mp-e-s specified in board_part file is either invalid or not available
WARNING: [Board 49-26] cannot add Board Part xilinx.com:vck190:part0:3.1 available at E:/Xilinx/Vivado/2022.2/data/xhub/boards/XilinxBoardStore/boards/Xilinx/vck190/production/3.1/board.xml as part xcvc1902-vsva2197-2mp-e-s specified in board_part file is either invalid or not available
WARNING: [Board 49-26] cannot add Board Part xilinx.com:vck190_newl:part0:1.0 available at E:/Xilinx/Vivado/2022.2/data/xhub/boards/XilinxBoardStore/boards/Xilinx/vck190_newl/production/1.0/board.xml as part xcvc1902-vsva2197-2mp-e-s specified in board_part file is either invalid or not available
WARNING: [Board 49-26] cannot add Board Part xilinx.com:vek280_es:part0:1.0 available at E:/Xilinx/Vivado/2022.2/data/xhub/boards/XilinxBoardStore/boards/Xilinx/vek280/es/1.0/board.xml as part xcve2802-vsvh1760-2lp-e-s-es1 specified in board_part file is either invalid or not available
WARNING: [Board 49-26] cannot add Board Part xilinx.com:vhk158_es:part0:1.0 available at E:/Xilinx/Vivado/2022.2/data/xhub/boards/XilinxBoardStore/boards/Xilinx/vhk158/es/1.0/board.xml as part xcvh1582-vsva3697-2mp-e-s-es1 specified in board_part file is either invalid or not available
WARNING: [Board 49-26] cannot add Board Part xilinx.com:vmk180:part0:2.2 available at E:/Xilinx/Vivado/2022.2/data/xhub/boards/XilinxBoardStore/boards/Xilinx/vmk180/production/2.2/board.xml as part xcvm1802-vsva2197-2mp-e-s specified in board_part file is either invalid or not available
WARNING: [Board 49-26] cannot add Board Part xilinx.com:vmk180:part0:3.0 available at E:/Xilinx/Vivado/2022.2/data/xhub/boards/XilinxBoardStore/boards/Xilinx/vmk180/production/3.0/board.xml as part xcvm1802-vsva2197-2mp-e-s specified in board_part file is either invalid or not available
WARNING: [Board 49-26] cannot add Board Part xilinx.com:vmk180:part0:3.1 available at E:/Xilinx/Vivado/2022.2/data/xhub/boards/XilinxBoardStore/boards/Xilinx/vmk180/production/3.1/board.xml as part xcvm1802-vsva2197-2mp-e-s specified in board_part file is either invalid or not available
WARNING: [Board 49-26] cannot add Board Part xilinx.com:vmk180_newl:part0:1.0 available at E:/Xilinx/Vivado/2022.2/data/xhub/boards/XilinxBoardStore/boards/Xilinx/vmk180_newl/production/1.0/board.xml as part xcvm1802-vsva2197-2mp-e-s specified in board_part file is either invalid or not available
WARNING: [Board 49-26] cannot add Board Part xilinx.com:vpk120:part0:1.0 available at E:/Xilinx/Vivado/2022.2/data/xhub/boards/XilinxBoardStore/boards/Xilinx/vpk120/production/1.0/board.xml as part xcvp1202-vsva2785-2mp-e-s specified in board_part file is either invalid or not available
WARNING: [Board 49-26] cannot add Board Part xilinx.com:vpk120_es:part0:1.2 available at E:/Xilinx/Vivado/2022.2/data/xhub/boards/XilinxBoardStore/boards/Xilinx/vpk120/es/1.2/board.xml as part xcvp1202-vsva2785-2mp-e-s-es1 specified in board_part file is either invalid or not available
WARNING: [Board 49-26] cannot add Board Part xilinx.com:vpk120_es_revb:part0:1.0 available at E:/Xilinx/Vivado/2022.2/data/xhub/boards/XilinxBoardStore/boards/Xilinx/vpk120_revb/es/1.0/board.xml as part xcvp1202-vsva2785-2mp-e-s-es1 specified in board_part file is either invalid or not available
WARNING: [Board 49-26] cannot add Board Part xilinx.com:vpk180_es:part0:1.0 available at E:/Xilinx/Vivado/2022.2/data/xhub/boards/XilinxBoardStore/boards/Xilinx/vpk180/es/1.0/board.xml as part xcvp1802-lsvc4072-2mp-e-s-es1 specified in board_part file is either invalid or not available
WARNING: [Board 49-26] cannot add Board Part xilinx.com:zcu208ld:part0:2.0 available at E:/Xilinx/Vivado/2022.2/data/xhub/boards/XilinxBoardStore/boards/Xilinx/zcu208ld/production/2.0/board.xml as part xczu58dr-fsvg1517-2-i specified in board_part file is either invalid or not available
WARNING: [Board 49-26] cannot add Board Part xilinx.com:zcu216ld:part0:2.0 available at E:/Xilinx/Vivado/2022.2/data/xhub/boards/XilinxBoardStore/boards/Xilinx/zcu216ld/production/2.0/board.xml as part xczu59dr-ffvf1760-2-i specified in board_part file is either invalid or not available
WARNING: [Board 49-26] cannot add Board Part xilinx.com:zcu670:part0:2.0 available at E:/Xilinx/Vivado/2022.2/data/xhub/boards/XilinxBoardStore/boards/Xilinx/zcu670/2.0/board.xml as part xczu67dr-fsve1156-2-i specified in board_part file is either invalid or not available
WARNING: [Board 49-26] cannot add Board Part xilinx.com:zcu670ld:part0:1.0 available at E:/Xilinx/Vivado/2022.2/data/xhub/boards/XilinxBoardStore/boards/Xilinx/zcu670ld/1.0/board.xml as part xczu57dr-fsve1156-2-i specified in board_part file is either invalid or not available
update_compile_order -fileset sources_1
current_project HW2
update_ip_catalog -rebuild -scan_changes
INFO: [IP_Flow 19-234] Refreshing IP repositories
INFO: [IP_Flow 19-1700] Loaded user IP repository 'c:/Users/mvbos/Desktop/SoC/SoC_Design/HW2/HW2Vivado/ip_repo/RSA_1_0'.
report_ip_status -name ip_status
current_project edit_RSA_v1_0
current_project HW2
upgrade_ip -vlnv xilinx.com:user:RSA:1.0 [get_ips  hw2_part2_RSA_0_0] -log ip_upgrade.log
Upgrading 'C:/Users/mvbos/Desktop/SoC/SoC_Design/HW2/HW2Vivado/HW2/HW2.srcs/sources_1/bd/hw2_part2/hw2_part2.bd'
INFO: [IP_Flow 19-3420] Updated hw2_part2_RSA_0_0 to use current project options
Wrote  : <C:\Users\mvbos\Desktop\SoC\SoC_Design\HW2\HW2Vivado\HW2\HW2.srcs\sources_1\bd\hw2_part2\hw2_part2.bd> 
INFO: [Coretcl 2-1525] Wrote upgrade log to 'C:/Users/mvbos/Desktop/SoC/SoC_Design/HW2/HW2Vivado/HW2/ip_upgrade.log'.
export_ip_user_files -of_objects [get_ips hw2_part2_RSA_0_0] -no_script -sync -force -quiet
generate_target all [get_files  C:/Users/mvbos/Desktop/SoC/SoC_Design/HW2/HW2Vivado/HW2/HW2.srcs/sources_1/bd/hw2_part2/hw2_part2.bd]
WARNING: [filemgmt 56-443] The ECC Algorithm string is empty. Setting the Memory Map to default ECC value to ECC_NONE.
WARNING: [filemgmt 56-443] The ECC Algorithm string is empty. Setting the Memory Map to default ECC value to ECC_NONE.
INFO: [xilinx.com:ip:clk_wiz:6.0-1] /clk_wiz_0 clk_wiz propagate
Wrote  : <C:\Users\mvbos\Desktop\SoC\SoC_Design\HW2\HW2Vivado\HW2\HW2.srcs\sources_1\bd\hw2_part2\hw2_part2.bd> 
VHDL Output written to : c:/Users/mvbos/Desktop/SoC/SoC_Design/HW2/HW2Vivado/HW2/HW2.gen/sources_1/bd/hw2_part2/synth/hw2_part2.vhd
VHDL Output written to : c:/Users/mvbos/Desktop/SoC/SoC_Design/HW2/HW2Vivado/HW2/HW2.gen/sources_1/bd/hw2_part2/sim/hw2_part2.vhd
VHDL Output written to : c:/Users/mvbos/Desktop/SoC/SoC_Design/HW2/HW2Vivado/HW2/HW2.gen/sources_1/bd/hw2_part2/hdl/hw2_part2_wrapper.vhd
INFO: [BD 41-1029] Generation completed for the IP Integrator block RSA_0 .
Exporting to file c:/Users/mvbos/Desktop/SoC/SoC_Design/HW2/HW2Vivado/HW2/HW2.gen/sources_1/bd/hw2_part2/hw_handoff/hw2_part2.hwh
Generated Hardware Definition File c:/Users/mvbos/Desktop/SoC/SoC_Design/HW2/HW2Vivado/HW2/HW2.gen/sources_1/bd/hw2_part2/synth/hw2_part2.hwdef
generate_target: Time (s): cpu = 00:00:10 ; elapsed = 00:00:11 . Memory (MB): peak = 2008.422 ; gain = 0.000
catch { config_ip_cache -export [get_ips -all hw2_part2_RSA_0_0] }
INFO: [IP_Flow 19-6924] IPCACHE: Running cache check for IP inst: hw2_part2_RSA_0_0
export_ip_user_files -of_objects [get_files C:/Users/mvbos/Desktop/SoC/SoC_Design/HW2/HW2Vivado/HW2/HW2.srcs/sources_1/bd/hw2_part2/hw2_part2.bd] -no_script -sync -force -quiet
create_ip_run [get_files -of_objects [get_fileset sources_1] C:/Users/mvbos/Desktop/SoC/SoC_Design/HW2/HW2Vivado/HW2/HW2.srcs/sources_1/bd/hw2_part2/hw2_part2.bd]
launch_runs hw2_part2_RSA_0_0_synth_1 -jobs 8
INFO: [IP_Flow 19-6924] IPCACHE: Running cache check for IP inst: hw2_part2_RSA_0_0
[Thu Feb 23 19:20:38 2023] Launched hw2_part2_RSA_0_0_synth_1...
Run output will be captured here: C:/Users/mvbos/Desktop/SoC/SoC_Design/HW2/HW2Vivado/HW2/HW2.runs/hw2_part2_RSA_0_0_synth_1/runme.log
export_simulation -of_objects [get_files C:/Users/mvbos/Desktop/SoC/SoC_Design/HW2/HW2Vivado/HW2/HW2.srcs/sources_1/bd/hw2_part2/hw2_part2.bd] -directory C:/Users/mvbos/Desktop/SoC/SoC_Design/HW2/HW2Vivado/HW2/HW2.ip_user_files/sim_scripts -ip_user_files_dir C:/Users/mvbos/Desktop/SoC/SoC_Design/HW2/HW2Vivado/HW2/HW2.ip_user_files -ipstatic_source_dir C:/Users/mvbos/Desktop/SoC/SoC_Design/HW2/HW2Vivado/HW2/HW2.ip_user_files/ipstatic -lib_map_path [list {modelsim=C:/Users/mvbos/Desktop/SoC/SoC_Design/HW2/HW2Vivado/HW2/HW2.cache/compile_simlib/modelsim} {questa=C:/Users/mvbos/Desktop/SoC/SoC_Design/HW2/HW2Vivado/HW2/HW2.cache/compile_simlib/questa} {riviera=C:/Users/mvbos/Desktop/SoC/SoC_Design/HW2/HW2Vivado/HW2/HW2.cache/compile_simlib/riviera} {activehdl=C:/Users/mvbos/Desktop/SoC/SoC_Design/HW2/HW2Vivado/HW2/HW2.cache/compile_simlib/activehdl}] -use_ip_compiled_libs -force -quiet
ipx::open_ipxact_file C:/Users/mvbos/Desktop/SoC/SoC_Design/HW2/HW2Vivado/ip_repo/RSA_1_0/component.xml
set_property core_revision 3 [ipx::current_core]
ipx::create_xgui_files [ipx::current_core]
ipx::update_checksums [ipx::current_core]
ipx::check_integrity [ipx::current_core]
INFO: [IP_Flow 19-2181] Payment Required is not set for this core.
INFO: [IP_Flow 19-2187] The Product Guide file is missing.
INFO: [Ipptcl 7-1486] check_integrity: Integrity check passed.
ipx::save_core [ipx::current_core]
current_project edit_RSA_v1_0
update_ip_catalog -rebuild -repo_path c:/Users/mvbos/Desktop/SoC/SoC_Design/HW2/HW2Vivado/ip_repo/RSA_1_0
INFO: [IP_Flow 19-725] Reloaded user IP repository 'c:/Users/mvbos/Desktop/SoC/SoC_Design/HW2/HW2Vivado/ip_repo/RSA_1_0'
current_project HW2
report_ip_status -name ip_status 
update_ip_catalog -rebuild -scan_changes
INFO: [IP_Flow 19-234] Refreshing IP repositories
INFO: [IP_Flow 19-1700] Loaded user IP repository 'c:/Users/mvbos/Desktop/SoC/SoC_Design/HW2/HW2Vivado/ip_repo/RSA_1_0'.
report_ip_status -name ip_status
upgrade_ip -vlnv xilinx.com:user:RSA:1.0 [get_ips  hw2_part2_RSA_0_0] -log ip_upgrade.log
Upgrading 'C:/Users/mvbos/Desktop/SoC/SoC_Design/HW2/HW2Vivado/HW2/HW2.srcs/sources_1/bd/hw2_part2/hw2_part2.bd'
INFO: [IP_Flow 19-3422] Upgraded hw2_part2_RSA_0_0 (RSA_v1.0 1.0) from revision 2 to revision 3
Wrote  : <C:\Users\mvbos\Desktop\SoC\SoC_Design\HW2\HW2Vivado\HW2\HW2.srcs\sources_1\bd\hw2_part2\hw2_part2.bd> 
Wrote  : <C:/Users/mvbos/Desktop/SoC/SoC_Design/HW2/HW2Vivado/HW2/HW2.srcs/sources_1/bd/hw2_part2/ui/bd_62c00303.ui> 
INFO: [Coretcl 2-1525] Wrote upgrade log to 'C:/Users/mvbos/Desktop/SoC/SoC_Design/HW2/HW2Vivado/HW2/ip_upgrade.log'.
export_ip_user_files -of_objects [get_ips hw2_part2_RSA_0_0] -no_script -sync -force -quiet
generate_target all [get_files  C:/Users/mvbos/Desktop/SoC/SoC_Design/HW2/HW2Vivado/HW2/HW2.srcs/sources_1/bd/hw2_part2/hw2_part2.bd]
WARNING: [filemgmt 56-443] The ECC Algorithm string is empty. Setting the Memory Map to default ECC value to ECC_NONE.
WARNING: [filemgmt 56-443] The ECC Algorithm string is empty. Setting the Memory Map to default ECC value to ECC_NONE.
INFO: [xilinx.com:ip:clk_wiz:6.0-1] /clk_wiz_0 clk_wiz propagate
Wrote  : <C:\Users\mvbos\Desktop\SoC\SoC_Design\HW2\HW2Vivado\HW2\HW2.srcs\sources_1\bd\hw2_part2\hw2_part2.bd> 
VHDL Output written to : c:/Users/mvbos/Desktop/SoC/SoC_Design/HW2/HW2Vivado/HW2/HW2.gen/sources_1/bd/hw2_part2/synth/hw2_part2.vhd
VHDL Output written to : c:/Users/mvbos/Desktop/SoC/SoC_Design/HW2/HW2Vivado/HW2/HW2.gen/sources_1/bd/hw2_part2/sim/hw2_part2.vhd
VHDL Output written to : c:/Users/mvbos/Desktop/SoC/SoC_Design/HW2/HW2Vivado/HW2/HW2.gen/sources_1/bd/hw2_part2/hdl/hw2_part2_wrapper.vhd
INFO: [BD 41-1029] Generation completed for the IP Integrator block RSA_0 .
Exporting to file c:/Users/mvbos/Desktop/SoC/SoC_Design/HW2/HW2Vivado/HW2/HW2.gen/sources_1/bd/hw2_part2/hw_handoff/hw2_part2.hwh
Generated Hardware Definition File c:/Users/mvbos/Desktop/SoC/SoC_Design/HW2/HW2Vivado/HW2/HW2.gen/sources_1/bd/hw2_part2/synth/hw2_part2.hwdef
generate_target: Time (s): cpu = 00:00:09 ; elapsed = 00:00:10 . Memory (MB): peak = 2060.180 ; gain = 0.000
catch { config_ip_cache -export [get_ips -all hw2_part2_RSA_0_0] }
INFO: [IP_Flow 19-6924] IPCACHE: Running cache check for IP inst: hw2_part2_RSA_0_0
export_ip_user_files -of_objects [get_files C:/Users/mvbos/Desktop/SoC/SoC_Design/HW2/HW2Vivado/HW2/HW2.srcs/sources_1/bd/hw2_part2/hw2_part2.bd] -no_script -sync -force -quiet
create_ip_run [get_files -of_objects [get_fileset sources_1] C:/Users/mvbos/Desktop/SoC/SoC_Design/HW2/HW2Vivado/HW2/HW2.srcs/sources_1/bd/hw2_part2/hw2_part2.bd]
launch_runs hw2_part2_RSA_0_0_synth_1 -jobs 8
INFO: [IP_Flow 19-6924] IPCACHE: Running cache check for IP inst: hw2_part2_RSA_0_0
[Thu Feb 23 19:24:26 2023] Launched hw2_part2_RSA_0_0_synth_1...
Run output will be captured here: C:/Users/mvbos/Desktop/SoC/SoC_Design/HW2/HW2Vivado/HW2/HW2.runs/hw2_part2_RSA_0_0_synth_1/runme.log
export_simulation -of_objects [get_files C:/Users/mvbos/Desktop/SoC/SoC_Design/HW2/HW2Vivado/HW2/HW2.srcs/sources_1/bd/hw2_part2/hw2_part2.bd] -directory C:/Users/mvbos/Desktop/SoC/SoC_Design/HW2/HW2Vivado/HW2/HW2.ip_user_files/sim_scripts -ip_user_files_dir C:/Users/mvbos/Desktop/SoC/SoC_Design/HW2/HW2Vivado/HW2/HW2.ip_user_files -ipstatic_source_dir C:/Users/mvbos/Desktop/SoC/SoC_Design/HW2/HW2Vivado/HW2/HW2.ip_user_files/ipstatic -lib_map_path [list {modelsim=C:/Users/mvbos/Desktop/SoC/SoC_Design/HW2/HW2Vivado/HW2/HW2.cache/compile_simlib/modelsim} {questa=C:/Users/mvbos/Desktop/SoC/SoC_Design/HW2/HW2Vivado/HW2/HW2.cache/compile_simlib/questa} {riviera=C:/Users/mvbos/Desktop/SoC/SoC_Design/HW2/HW2Vivado/HW2/HW2.cache/compile_simlib/riviera} {activehdl=C:/Users/mvbos/Desktop/SoC/SoC_Design/HW2/HW2Vivado/HW2/HW2.cache/compile_simlib/activehdl}] -use_ip_compiled_libs -force -quiet
report_ip_status -name ip_status 
reset_run synth_1
INFO: [Project 1-1161] Replacing file C:/Users/mvbos/Desktop/SoC/SoC_Design/HW2/HW2Vivado/HW2/HW2.srcs/utils_1/imports/synth_1/hw2_part1_wrapper.dcp with file C:/Users/mvbos/Desktop/SoC/SoC_Design/HW2/HW2Vivado/HW2/HW2.runs/synth_1/hw2_part2_wrapper.dcp
WARNING: [Vivado 12-1017] Problems encountered:
1. Failed to delete one or more files in run directory C:/Users/mvbos/Desktop/SoC/SoC_Design/HW2/HW2Vivado/HW2/HW2.runs/synth_1

launch_runs synth_1 -jobs 8
INFO: [IP_Flow 19-6924] IPCACHE: Running cache check for IP inst: hw2_part2_RSA_0_0
[Thu Feb 23 19:25:42 2023] Launched hw2_part2_RSA_0_0_synth_1...
Run output will be captured here: C:/Users/mvbos/Desktop/SoC/SoC_Design/HW2/HW2Vivado/HW2/HW2.runs/hw2_part2_RSA_0_0_synth_1/runme.log
[Thu Feb 23 19:25:42 2023] Launched synth_1...
Run output will be captured here: C:/Users/mvbos/Desktop/SoC/SoC_Design/HW2/HW2Vivado/HW2/HW2.runs/synth_1/runme.log
validate_bd_design -force
WARNING: [filemgmt 56-443] The ECC Algorithm string is empty. Setting the Memory Map to default ECC value to ECC_NONE.
INFO: [xilinx.com:ip:clk_wiz:6.0-1] /clk_wiz_0 clk_wiz propagate
save_bd_design
Wrote  : <C:\Users\mvbos\Desktop\SoC\SoC_Design\HW2\HW2Vivado\HW2\HW2.srcs\sources_1\bd\hw2_part2\hw2_part2.bd> 
Wrote  : <C:/Users/mvbos/Desktop/SoC/SoC_Design/HW2/HW2Vivado/HW2/HW2.srcs/sources_1/bd/hw2_part2/ui/bd_62c00303.ui> 
launch_runs impl_1 -jobs 8
INFO: [BD 41-1662] The design 'hw2_part2.bd' is already validated. Therefore parameter propagation will not be re-run.
WARNING: [filemgmt 56-443] The ECC Algorithm string is empty. Setting the Memory Map to default ECC value to ECC_NONE.
WARNING: [filemgmt 56-443] The ECC Algorithm string is empty. Setting the Memory Map to default ECC value to ECC_NONE.
VHDL Output written to : c:/Users/mvbos/Desktop/SoC/SoC_Design/HW2/HW2Vivado/HW2/HW2.gen/sources_1/bd/hw2_part2/synth/hw2_part2.vhd
VHDL Output written to : c:/Users/mvbos/Desktop/SoC/SoC_Design/HW2/HW2Vivado/HW2/HW2.gen/sources_1/bd/hw2_part2/sim/hw2_part2.vhd
VHDL Output written to : c:/Users/mvbos/Desktop/SoC/SoC_Design/HW2/HW2Vivado/HW2/HW2.gen/sources_1/bd/hw2_part2/hdl/hw2_part2_wrapper.vhd
Exporting to file c:/Users/mvbos/Desktop/SoC/SoC_Design/HW2/HW2Vivado/HW2/HW2.gen/sources_1/bd/hw2_part2/hw_handoff/hw2_part2.hwh
Generated Hardware Definition File c:/Users/mvbos/Desktop/SoC/SoC_Design/HW2/HW2Vivado/HW2/HW2.gen/sources_1/bd/hw2_part2/synth/hw2_part2.hwdef
[Thu Feb 23 19:29:15 2023] Launched impl_1...
Run output will be captured here: C:/Users/mvbos/Desktop/SoC/SoC_Design/HW2/HW2Vivado/HW2/HW2.runs/impl_1/runme.log
launch_runs: Time (s): cpu = 00:00:03 ; elapsed = 00:00:14 . Memory (MB): peak = 2060.180 ; gain = 0.000
reset_run synth_1
INFO: [Project 1-1161] Replacing file C:/Users/mvbos/Desktop/SoC/SoC_Design/HW2/HW2Vivado/HW2/HW2.srcs/utils_1/imports/synth_1/hw2_part1_wrapper.dcp with file C:/Users/mvbos/Desktop/SoC/SoC_Design/HW2/HW2Vivado/HW2/HW2.runs/synth_1/hw2_part2_wrapper.dcp
WARNING: [Vivado 12-1017] Problems encountered:
1. Failed to delete one or more files in run directory C:/Users/mvbos/Desktop/SoC/SoC_Design/HW2/HW2Vivado/HW2/HW2.runs/synth_1

launch_runs synth_1 -jobs 8
[Thu Feb 23 19:29:48 2023] Launched synth_1...
Run output will be captured here: C:/Users/mvbos/Desktop/SoC/SoC_Design/HW2/HW2Vivado/HW2/HW2.runs/synth_1/runme.log
launch_runs impl_1 -jobs 8
[Thu Feb 23 19:31:57 2023] Launched impl_1...
Run output will be captured here: C:/Users/mvbos/Desktop/SoC/SoC_Design/HW2/HW2Vivado/HW2/HW2.runs/impl_1/runme.log
launch_runs impl_1 -to_step write_bitstream -jobs 8
[Thu Feb 23 19:37:06 2023] Launched impl_1...
Run output will be captured here: C:/Users/mvbos/Desktop/SoC/SoC_Design/HW2/HW2Vivado/HW2/HW2.runs/impl_1/runme.log
write_hw_platform -fixed -include_bit -force -file C:/Users/mvbos/Desktop/SoC/SoC_Design/HW2/HW2Vivado/HW2/hw2_part2_wrapper.xsa
INFO: [Project 1-1918] Creating Hardware Platform: C:/Users/mvbos/Desktop/SoC/SoC_Design/HW2/HW2Vivado/HW2/hw2_part2_wrapper.xsa ...
WARNING: [Project 1-645] Board images not set in Hardware Platform.
INFO: [Project 1-1943] The Hardware Platform can be used for Hardware
INFO: [Project 1-1941] Successfully created Hardware Platform: C:/Users/mvbos/Desktop/SoC/SoC_Design/HW2/HW2Vivado/HW2/hw2_part2_wrapper.xsa
