Copyright 1986-2022 Xilinx, Inc. All Rights Reserved.
------------------------------------------------------------------------------------------------
| Tool Version : Vivado v.2022.2 (win64) Build 3671981 Fri Oct 14 05:00:03 MDT 2022
| Date         : Thu Feb 23 13:04:34 2023
| Host         : DESKTOP-5C5IMB2 running 64-bit major release  (build 9200)
| Command      : upgrade_project -migrate_output_products
| Project_Path : C:/Users/mvbos/Desktop/SoC/SoC_Design/HW2/HW2_part1/HW2_part1.xpr
------------------------------------------------------------------------------------------------

Project Status Summary

1. Project IP Status
--------------------
This project contains 0 IP and 1 Block Designs.


1.1 Project IP Instances
+-------------------------------------+-------------------------+-------------------------------------+-------------------------------------+
| Instance Name                       | Status                  | Reason                              | Recommendation                      |
+-------------------------------------+-------------------------+-------------------------------------+-------------------------------------+
| hw2_part1_axi_uartlite_0_0          | Will be Migrated.       |                                     |                                     |
+-------------------------------------+-------------------------+-------------------------------------+-------------------------------------+
| hw2_part1_clk_wiz_0_0               | Will be Migrated.       |                                     |                                     |
+-------------------------------------+-------------------------+-------------------------------------+-------------------------------------+
| hw2_part1_dlmb_bram_if_cntlr_0      | Will be Migrated.       |                                     |                                     |
+-------------------------------------+-------------------------+-------------------------------------+-------------------------------------+
| hw2_part1_dlmb_v10_0                | Will be Migrated.       |                                     |                                     |
+-------------------------------------+-------------------------+-------------------------------------+-------------------------------------+
| hw2_part1_ilmb_bram_if_cntlr_0      | Will be Migrated.       |                                     |                                     |
+-------------------------------------+-------------------------+-------------------------------------+-------------------------------------+
| hw2_part1_ilmb_v10_0                | Will be Migrated.       |                                     |                                     |
+-------------------------------------+-------------------------+-------------------------------------+-------------------------------------+
| hw2_part1_lmb_bram_0                | Will be Migrated.       |                                     |                                     |
+-------------------------------------+-------------------------+-------------------------------------+-------------------------------------+
| hw2_part1_mdm_1_0                   | Will be Migrated.       |                                     |                                     |
+-------------------------------------+-------------------------+-------------------------------------+-------------------------------------+
| hw2_part1_microblaze_0_0            | Will be Migrated.       |                                     |                                     |
+-------------------------------------+-------------------------+-------------------------------------+-------------------------------------+
| hw2_part1_microblaze_0_axi_periph_0 | Will be Migrated.       |                                     |                                     |
+-------------------------------------+-------------------------+-------------------------------------+-------------------------------------+
| hw2_part1_rst_clk_wiz_0_100M_0      | Will be Migrated.       |                                     |                                     |
+-------------------------------------+-------------------------+-------------------------------------+-------------------------------------+


1.2 Project Block Designs
+-----------+-------------------------+-------------------------------------+-------------------------------------+
| Design    | Status                  | Reason                              | Recommendation                      |
| Name      |                         |                                     |                                     |
+-----------+-------------------------+-------------------------------------+-------------------------------------+
| hw2_part1 | Will be Migrated.       |                                     |                                     |
+-----------+-------------------------+-------------------------------------+-------------------------------------+



