Copyright 1986-2022 Xilinx, Inc. All Rights Reserved.
----------------------------------------------------------------------------------------------
| Tool Version : Vivado v.2022.2 (win64) Build 3671981 Fri Oct 14 05:00:03 MDT 2022
| Date         : Thu Feb 23 19:35:20 2023
| Host         : DESKTOP-5C5IMB2 running 64-bit major release  (build 9200)
| Command      : report_control_sets -verbose -file hw2_part2_wrapper_control_sets_placed.rpt
| Design       : hw2_part2_wrapper
| Device       : xc7a35t
----------------------------------------------------------------------------------------------

Control Set Information

Table of Contents
-----------------
1. Summary
2. Histogram
3. Flip-Flop Distribution
4. Detailed Control Set Information

1. Summary
----------

+----------------------------------------------------------+-------+
|                          Status                          | Count |
+----------------------------------------------------------+-------+
| Total control sets                                       |   122 |
|    Minimum number of control sets                        |   122 |
|    Addition due to synthesis replication                 |     0 |
|    Addition due to physical synthesis replication        |     0 |
| Unused register locations in slices containing registers |   209 |
+----------------------------------------------------------+-------+
* Control sets can be merged at opt_design using control_set_merge or merge_equivalent_drivers
** Run report_qor_suggestions for automated merging and remapping suggestions


2. Histogram
------------

+--------------------+-------+
|       Fanout       | Count |
+--------------------+-------+
| Total control sets |   122 |
| >= 0 to < 4        |    10 |
| >= 4 to < 6        |    10 |
| >= 6 to < 8        |     7 |
| >= 8 to < 10       |    55 |
| >= 10 to < 12      |     4 |
| >= 12 to < 14      |     0 |
| >= 14 to < 16      |     1 |
| >= 16              |    35 |
+--------------------+-------+
* Control sets can be remapped at either synth_design or opt_design


3. Flip-Flop Distribution
-------------------------

+--------------+-----------------------+------------------------+-----------------+--------------+
| Clock Enable | Synchronous Set/Reset | Asynchronous Set/Reset | Total Registers | Total Slices |
+--------------+-----------------------+------------------------+-----------------+--------------+
| No           | No                    | No                     |             194 |           78 |
| No           | No                    | Yes                    |              33 |           11 |
| No           | Yes                   | No                     |             256 |          106 |
| Yes          | No                    | No                     |            1117 |          299 |
| Yes          | No                    | Yes                    |             654 |          148 |
| Yes          | Yes                   | No                     |            1353 |          459 |
+--------------+-----------------------+------------------------+-----------------+--------------+


4. Detailed Control Set Information
-----------------------------------

+-------------------------------------------------------------+-------------------------------------------------------------------------------------------------------------------------------------------------------------------------------------------------------------+-------------------------------------------------------------------------------------------------------------------------------------------------+------------------+----------------+--------------+
|                         Clock Signal                        |                                                                                                Enable Signal                                                                                                |                                                                 Set/Reset Signal                                                                | Slice Load Count | Bel Load Count | Bels / Slice |
+-------------------------------------------------------------+-------------------------------------------------------------------------------------------------------------------------------------------------------------------------------------------------------------+-------------------------------------------------------------------------------------------------------------------------------------------------+------------------+----------------+--------------+
|  hw2_part2_i/mdm_1/U0/Use_E2.BSCAN_I/Dbg_Update_0_BUFG      | hw2_part2_i/microblaze_0/U0/MicroBlaze_Core_I/Performance.Core/Use_Debug_Logic.Master_Core.Debug_Perf/Control_Reg_En                                                                                        | hw2_part2_i/microblaze_0/U0/MicroBlaze_Core_I/Performance.Core/Use_Debug_Logic.Master_Core.Debug_Perf/start_single_step_reg_n_0                 |                1 |              1 |         1.00 |
| ~hw2_part2_i/mdm_1/U0/Use_E2.BSCAN_I/Dbg_Update_0_BUFG      |                                                                                                                                                                                                             | hw2_part2_i/mdm_1/U0/MDM_Core_I1/JTAG_CONTROL_I/sel_n                                                                                           |                1 |              1 |         1.00 |
|  hw2_part2_i/mdm_1/U0/No_Dbg_Reg_Access.BUFG_DRCK/Dbg_Clk_0 | hw2_part2_i/mdm_1/U0/Use_E2.BSCAN_I/Use_E2.BSCANE2_I_0                                                                                                                                                      | hw2_part2_i/mdm_1/U0/MDM_Core_I1/JTAG_CONTROL_I/Functional_Reset                                                                                |                1 |              1 |         1.00 |
|  hw2_part2_i/clk_wiz_0/inst/clk_out1                        |                                                                                                                                                                                                             | hw2_part2_i/microblaze_0/U0/MicroBlaze_Core_I/Performance.Core/Use_Debug_Logic.Master_Core.Debug_Perf/Serial_Dbg_Intf.capture_1                 |                1 |              1 |         1.00 |
| ~hw2_part2_i/mdm_1/U0/No_Dbg_Reg_Access.BUFG_DRCK/Dbg_Clk_0 | hw2_part2_i/mdm_1/U0/MDM_Core_I1/JTAG_CONTROL_I/Use_BSCAN.FDC_I/CE                                                                                                                                          | hw2_part2_i/mdm_1/U0/MDM_Core_I1/JTAG_CONTROL_I/Use_BSCAN.FDC_I/D                                                                               |                1 |              1 |         1.00 |
|  hw2_part2_i/mdm_1/U0/Use_E2.BSCAN_I/Dbg_Update_0_BUFG      | hw2_part2_i/microblaze_0/U0/MicroBlaze_Core_I/Performance.Core/Use_Debug_Logic.Master_Core.Debug_Perf/Control_Reg_En                                                                                        | hw2_part2_i/microblaze_0/U0/MicroBlaze_Core_I/Performance.Core/Use_Debug_Logic.Master_Core.Debug_Perf/Serial_Dbg_Intf.continue_from_brk_reg_n_0 |                1 |              1 |         1.00 |
|  hw2_part2_i/mdm_1/U0/Use_E2.BSCAN_I/Dbg_Update_0_BUFG      | hw2_part2_i/microblaze_0/U0/MicroBlaze_Core_I/Performance.Core/Use_Debug_Logic.Master_Core.Debug_Perf/Control_Reg_En                                                                                        | hw2_part2_i/microblaze_0/U0/MicroBlaze_Core_I/Performance.Core/Use_Debug_Logic.Master_Core.Debug_Perf/Serial_Dbg_Intf.force_stop_cmd_i_reg_0    |                1 |              1 |         1.00 |
|  hw2_part2_i/mdm_1/U0/Use_E2.BSCAN_I/Dbg_Update_0_BUFG      | hw2_part2_i/microblaze_0/U0/MicroBlaze_Core_I/Performance.Core/Use_Debug_Logic.Master_Core.Debug_Perf/Control_Reg_En                                                                                        | hw2_part2_i/microblaze_0/U0/MicroBlaze_Core_I/Performance.Core/Use_Debug_Logic.Master_Core.Debug_Perf/Serial_Dbg_Intf.normal_stop_cmd_i_reg_n_0 |                1 |              1 |         1.00 |
|  hw2_part2_i/mdm_1/U0/Use_E2.BSCAN_I/Dbg_Update_0_BUFG      | hw2_part2_i/microblaze_0/U0/MicroBlaze_Core_I/Performance.Core/Use_Debug_Logic.Master_Core.Debug_Perf/Command_Reg_En                                                                                        | hw2_part2_i/microblaze_0/U0/MicroBlaze_Core_I/Performance.Core/Use_Debug_Logic.Master_Core.Debug_Perf/command_reg_clear                         |                1 |              2 |         2.00 |
|  hw2_part2_i/mdm_1/U0/Use_E2.BSCAN_I/Dbg_Update_0_BUFG      |                                                                                                                                                                                                             |                                                                                                                                                 |                2 |              3 |         1.50 |
| ~hw2_part2_i/mdm_1/U0/Use_E2.BSCAN_I/Dbg_Update_0_BUFG      |                                                                                                                                                                                                             | hw2_part2_i/mdm_1/U0/Use_E2.BSCAN_I/AR[0]                                                                                                       |                1 |              4 |         4.00 |
|  hw2_part2_i/mdm_1/U0/No_Dbg_Reg_Access.BUFG_DRCK/Dbg_Clk_0 | hw2_part2_i/mdm_1/U0/MDM_Core_I1/Use_BSCAN.TDI_Shifter0                                                                                                                                                     | hw2_part2_i/mdm_1/U0/Use_E2.BSCAN_I/AR[0]                                                                                                       |                1 |              4 |         4.00 |
|  hw2_part2_i/clk_wiz_0/inst/clk_out1                        | hw2_part2_i/RSA_0/U0/RSA_v1_0_S00_AXI_inst/axi_arready0                                                                                                                                                     | hw2_part2_i/RSA_0/U0/reset                                                                                                                      |                1 |              4 |         4.00 |
|  hw2_part2_i/mdm_1/U0/Use_E2.BSCAN_I/Dbg_Update_0_BUFG      | hw2_part2_i/mdm_1/U0/MDM_Core_I1/Use_BSCAN.MDM_SEL                                                                                                                                                          | hw2_part2_i/mdm_1/U0/Use_E2.BSCAN_I/AR[0]                                                                                                       |                1 |              4 |         4.00 |
|  hw2_part2_i/clk_wiz_0/inst/clk_out1                        | hw2_part2_i/RSA_0/U0/RSA_v1_0_S00_AXI_inst/axi_awready0                                                                                                                                                     | hw2_part2_i/RSA_0/U0/reset                                                                                                                      |                1 |              4 |         4.00 |
|  hw2_part2_i/mdm_1/U0/Use_E2.BSCAN_I/Dbg_Update_0_BUFG      | hw2_part2_i/microblaze_0/U0/MicroBlaze_Core_I/Performance.Core/Use_Debug_Logic.Master_Core.Debug_Perf/Control_Reg_En                                                                                        |                                                                                                                                                 |                3 |              4 |         1.33 |
|  hw2_part2_i/clk_wiz_0/inst/clk_out1                        | hw2_part2_i/axi_uartlite_0/U0/AXI_LITE_IPIF_I/I_SLAVE_ATTACHMENT/start2                                                                                                                                     | hw2_part2_i/axi_uartlite_0/U0/AXI_LITE_IPIF_I/I_SLAVE_ATTACHMENT/I_DECODER/cs_ce_clr                                                            |                1 |              4 |         4.00 |
|  hw2_part2_i/clk_wiz_0/inst/clk_out1                        | hw2_part2_i/axi_uartlite_0/U0/UARTLITE_CORE_I/BAUD_RATE_I/en_16x_Baud                                                                                                                                       |                                                                                                                                                 |                1 |              4 |         4.00 |
|  hw2_part2_i/clk_wiz_0/inst/clk_out1                        |                                                                                                                                                                                                             | hw2_part2_i/rst_clk_wiz_0_100M/U0/EXT_LPF/lpf_int                                                                                               |                3 |              5 |         1.67 |
|  hw2_part2_i/clk_wiz_0/inst/clk_out1                        | hw2_part2_i/microblaze_0/U0/MicroBlaze_Core_I/Performance.Core/Decode_I/wb_Halted                                                                                                                           | hw2_part2_i/microblaze_0/U0/MicroBlaze_Core_I/sync_reset                                                                                        |                2 |              5 |         2.50 |
|  hw2_part2_i/mdm_1/U0/No_Dbg_Reg_Access.BUFG_DRCK/Dbg_Clk_0 | hw2_part2_i/mdm_1/U0/Use_E2.BSCAN_I/Use_E2.BSCANE2_I_2                                                                                                                                                      |                                                                                                                                                 |                3 |              6 |         2.00 |
|  hw2_part2_i/mdm_1/U0/No_Dbg_Reg_Access.BUFG_DRCK/Dbg_Clk_0 | hw2_part2_i/mdm_1/U0/Use_E2.BSCAN_I/sel                                                                                                                                                                     |                                                                                                                                                 |                2 |              6 |         3.00 |
|  hw2_part2_i/mdm_1/U0/No_Dbg_Reg_Access.BUFG_DRCK/Dbg_Clk_0 | hw2_part2_i/mdm_1/U0/MDM_Core_I1/JTAG_CONTROL_I/Use_BSCAN.FDC_I/sample_1                                                                                                                                    |                                                                                                                                                 |                2 |              6 |         3.00 |
|  hw2_part2_i/clk_wiz_0/inst/clk_out1                        |                                                                                                                                                                                                             | hw2_part2_i/axi_uartlite_0/U0/UARTLITE_CORE_I/UARTLITE_RX_I/SRL_FIFO_I/I_SRL_FIFO_RBU_F/CNTR_INCR_DECR_ADDN_F_I/SS[0]                           |                3 |              6 |         2.00 |
|  hw2_part2_i/clk_wiz_0/inst/clk_out1                        |                                                                                                                                                                                                             | hw2_part2_i/axi_uartlite_0/U0/UARTLITE_CORE_I/UARTLITE_TX_I/SRL_FIFO_I/I_SRL_FIFO_RBU_F/CNTR_INCR_DECR_ADDN_F_I/SS[0]                           |                3 |              6 |         2.00 |
|  hw2_part2_i/clk_wiz_0/inst/clk_out1                        | hw2_part2_i/rst_clk_wiz_0_100M/U0/SEQ/seq_cnt_en                                                                                                                                                            | hw2_part2_i/rst_clk_wiz_0_100M/U0/SEQ/SEQ_COUNTER/clear                                                                                         |                1 |              6 |         6.00 |
|  hw2_part2_i/clk_wiz_0/inst/clk_out1                        | hw2_part2_i/axi_uartlite_0/U0/UARTLITE_CORE_I/BAUD_RATE_I/en_16x_Baud                                                                                                                                       | hw2_part2_i/axi_uartlite_0/U0/UARTLITE_CORE_I/UARTLITE_RX_I/SERIAL_TO_PARALLEL[8].fifo_din[8]_i_1_n_0                                           |                1 |              7 |         7.00 |
|  hw2_part2_i/mdm_1/U0/No_Dbg_Reg_Access.BUFG_DRCK/Dbg_Clk_0 | hw2_part2_i/microblaze_0/U0/MicroBlaze_Core_I/Performance.Core/Use_Debug_Logic.Master_Core.Debug_Perf/Using_PC_Breakpoints.All_PC_Brks[0].Serial_Interface_1.address_hit_I/Compare[0].SRLC16E_I/which_pc__0 |                                                                                                                                                 |                7 |              8 |         1.14 |
|  hw2_part2_i/clk_wiz_0/inst/clk_out1                        | hw2_part2_i/RSA_0/U0/RSA_v1_0_S00_AXI_inst/slv_reg0[15]_i_1_n_0                                                                                                                                             | hw2_part2_i/RSA_0/U0/reset                                                                                                                      |                2 |              8 |         4.00 |
|  hw2_part2_i/clk_wiz_0/inst/clk_out1                        | hw2_part2_i/RSA_0/U0/RSA_v1_0_S00_AXI_inst/slv_reg5[7]_i_1_n_0                                                                                                                                              | hw2_part2_i/RSA_0/U0/reset                                                                                                                      |                2 |              8 |         4.00 |
| ~hw2_part2_i/mdm_1/U0/Use_E2.BSCAN_I/Dbg_Update_0_BUFG      | hw2_part2_i/mdm_1/U0/MDM_Core_I1/JTAG_CONTROL_I/Use_BSCAN.command[0]_i_1_n_0                                                                                                                                |                                                                                                                                                 |                2 |              8 |         4.00 |
|  hw2_part2_i/clk_wiz_0/inst/clk_out1                        | hw2_part2_i/RSA_0/U0/RSA_v1_0_S00_AXI_inst/slv_reg7[7]_i_1_n_0                                                                                                                                              | hw2_part2_i/RSA_0/U0/reset                                                                                                                      |                2 |              8 |         4.00 |
|  hw2_part2_i/clk_wiz_0/inst/clk_out1                        | hw2_part2_i/RSA_0/U0/RSA_v1_0_S00_AXI_inst/slv_reg0[31]_i_1_n_0                                                                                                                                             | hw2_part2_i/RSA_0/U0/reset                                                                                                                      |                4 |              8 |         2.00 |
|  hw2_part2_i/clk_wiz_0/inst/clk_out1                        | hw2_part2_i/RSA_0/U0/RSA_v1_0_S00_AXI_inst/slv_reg7[23]_i_1_n_0                                                                                                                                             | hw2_part2_i/RSA_0/U0/reset                                                                                                                      |                2 |              8 |         4.00 |
|  hw2_part2_i/clk_wiz_0/inst/clk_out1                        | hw2_part2_i/RSA_0/U0/RSA_v1_0_S00_AXI_inst/slv_reg6[7]_i_1_n_0                                                                                                                                              | hw2_part2_i/RSA_0/U0/reset                                                                                                                      |                2 |              8 |         4.00 |
|  hw2_part2_i/clk_wiz_0/inst/clk_out1                        | hw2_part2_i/RSA_0/U0/RSA_v1_0_S00_AXI_inst/slv_reg8[7]_i_1_n_0                                                                                                                                              | hw2_part2_i/RSA_0/U0/reset                                                                                                                      |                1 |              8 |         8.00 |
|  hw2_part2_i/clk_wiz_0/inst/clk_out1                        | hw2_part2_i/RSA_0/U0/RSA_v1_0_S00_AXI_inst/slv_reg7[15]_i_1_n_0                                                                                                                                             | hw2_part2_i/RSA_0/U0/reset                                                                                                                      |                3 |              8 |         2.67 |
|  hw2_part2_i/clk_wiz_0/inst/clk_out1                        | hw2_part2_i/RSA_0/U0/RSA_v1_0_S00_AXI_inst/slv_reg5[31]_i_1_n_0                                                                                                                                             | hw2_part2_i/RSA_0/U0/reset                                                                                                                      |                2 |              8 |         4.00 |
|  hw2_part2_i/clk_wiz_0/inst/clk_out1                        | hw2_part2_i/RSA_0/U0/RSA_v1_0_S00_AXI_inst/slv_reg10[31]_i_1_n_0                                                                                                                                            | hw2_part2_i/RSA_0/U0/reset                                                                                                                      |                2 |              8 |         4.00 |
|  hw2_part2_i/clk_wiz_0/inst/clk_out1                        | hw2_part2_i/RSA_0/U0/RSA_v1_0_S00_AXI_inst/slv_reg10[7]_i_1_n_0                                                                                                                                             | hw2_part2_i/RSA_0/U0/reset                                                                                                                      |                1 |              8 |         8.00 |
|  hw2_part2_i/clk_wiz_0/inst/clk_out1                        | hw2_part2_i/RSA_0/U0/RSA_v1_0_S00_AXI_inst/slv_reg11[23]_i_1_n_0                                                                                                                                            | hw2_part2_i/RSA_0/U0/reset                                                                                                                      |                3 |              8 |         2.67 |
|  hw2_part2_i/clk_wiz_0/inst/clk_out1                        | hw2_part2_i/RSA_0/U0/RSA_v1_0_S00_AXI_inst/slv_reg11[31]_i_1_n_0                                                                                                                                            | hw2_part2_i/RSA_0/U0/reset                                                                                                                      |                3 |              8 |         2.67 |
|  hw2_part2_i/clk_wiz_0/inst/clk_out1                        | hw2_part2_i/RSA_0/U0/RSA_v1_0_S00_AXI_inst/slv_reg1[15]_i_1_n_0                                                                                                                                             | hw2_part2_i/RSA_0/U0/reset                                                                                                                      |                1 |              8 |         8.00 |
|  hw2_part2_i/clk_wiz_0/inst/clk_out1                        | hw2_part2_i/RSA_0/U0/RSA_v1_0_S00_AXI_inst/slv_reg1[23]_i_1_n_0                                                                                                                                             | hw2_part2_i/RSA_0/U0/reset                                                                                                                      |                3 |              8 |         2.67 |
|  hw2_part2_i/clk_wiz_0/inst/clk_out1                        | hw2_part2_i/RSA_0/U0/RSA_v1_0_S00_AXI_inst/slv_reg0[7]_i_1_n_0                                                                                                                                              | hw2_part2_i/RSA_0/U0/reset                                                                                                                      |                3 |              8 |         2.67 |
|  hw2_part2_i/clk_wiz_0/inst/clk_out1                        | hw2_part2_i/RSA_0/U0/RSA_v1_0_S00_AXI_inst/slv_reg2[23]_i_1_n_0                                                                                                                                             | hw2_part2_i/RSA_0/U0/reset                                                                                                                      |                2 |              8 |         4.00 |
|  hw2_part2_i/clk_wiz_0/inst/clk_out1                        | hw2_part2_i/RSA_0/U0/RSA_v1_0_S00_AXI_inst/slv_reg2[31]_i_1_n_0                                                                                                                                             | hw2_part2_i/RSA_0/U0/reset                                                                                                                      |                3 |              8 |         2.67 |
|  hw2_part2_i/clk_wiz_0/inst/clk_out1                        | hw2_part2_i/RSA_0/U0/RSA_v1_0_S00_AXI_inst/slv_reg2[7]_i_1_n_0                                                                                                                                              | hw2_part2_i/RSA_0/U0/reset                                                                                                                      |                2 |              8 |         4.00 |
|  hw2_part2_i/clk_wiz_0/inst/clk_out1                        | hw2_part2_i/RSA_0/U0/RSA_v1_0_S00_AXI_inst/slv_reg3[15]_i_1_n_0                                                                                                                                             | hw2_part2_i/RSA_0/U0/reset                                                                                                                      |                2 |              8 |         4.00 |
|  hw2_part2_i/clk_wiz_0/inst/clk_out1                        | hw2_part2_i/RSA_0/U0/RSA_v1_0_S00_AXI_inst/slv_reg11[15]_i_1_n_0                                                                                                                                            | hw2_part2_i/RSA_0/U0/reset                                                                                                                      |                2 |              8 |         4.00 |
|  hw2_part2_i/clk_wiz_0/inst/clk_out1                        | hw2_part2_i/RSA_0/U0/RSA_v1_0_S00_AXI_inst/slv_reg11[7]_i_1_n_0                                                                                                                                             | hw2_part2_i/RSA_0/U0/reset                                                                                                                      |                3 |              8 |         2.67 |
|  hw2_part2_i/clk_wiz_0/inst/clk_out1                        | hw2_part2_i/RSA_0/U0/RSA_v1_0_S00_AXI_inst/slv_reg3[23]_i_1_n_0                                                                                                                                             | hw2_part2_i/RSA_0/U0/reset                                                                                                                      |                2 |              8 |         4.00 |
|  hw2_part2_i/clk_wiz_0/inst/clk_out1                        | hw2_part2_i/RSA_0/U0/RSA_v1_0_S00_AXI_inst/slv_reg3[7]_i_1_n_0                                                                                                                                              | hw2_part2_i/RSA_0/U0/reset                                                                                                                      |                2 |              8 |         4.00 |
|  hw2_part2_i/clk_wiz_0/inst/clk_out1                        | hw2_part2_i/RSA_0/U0/RSA_v1_0_S00_AXI_inst/slv_reg1[7]_i_1_n_0                                                                                                                                              | hw2_part2_i/RSA_0/U0/reset                                                                                                                      |                2 |              8 |         4.00 |
|  hw2_part2_i/clk_wiz_0/inst/clk_out1                        | hw2_part2_i/RSA_0/U0/RSA_v1_0_S00_AXI_inst/slv_reg10[15]_i_1_n_0                                                                                                                                            | hw2_part2_i/RSA_0/U0/reset                                                                                                                      |                3 |              8 |         2.67 |
|  hw2_part2_i/clk_wiz_0/inst/clk_out1                        | hw2_part2_i/RSA_0/U0/RSA_v1_0_S00_AXI_inst/slv_reg1[31]_i_1_n_0                                                                                                                                             | hw2_part2_i/RSA_0/U0/reset                                                                                                                      |                2 |              8 |         4.00 |
|  hw2_part2_i/clk_wiz_0/inst/clk_out1                        | hw2_part2_i/RSA_0/U0/RSA_v1_0_S00_AXI_inst/slv_reg2[15]_i_1_n_0                                                                                                                                             | hw2_part2_i/RSA_0/U0/reset                                                                                                                      |                4 |              8 |         2.00 |
|  hw2_part2_i/clk_wiz_0/inst/clk_out1                        | hw2_part2_i/RSA_0/U0/RSA_v1_0_S00_AXI_inst/slv_reg10[23]_i_1_n_0                                                                                                                                            | hw2_part2_i/RSA_0/U0/reset                                                                                                                      |                1 |              8 |         8.00 |
|  hw2_part2_i/clk_wiz_0/inst/clk_out1                        | hw2_part2_i/RSA_0/U0/RSA_v1_0_S00_AXI_inst/slv_reg3[31]_i_1_n_0                                                                                                                                             | hw2_part2_i/RSA_0/U0/reset                                                                                                                      |                3 |              8 |         2.67 |
|  hw2_part2_i/clk_wiz_0/inst/clk_out1                        | hw2_part2_i/RSA_0/U0/RSA_v1_0_S00_AXI_inst/slv_reg8[31]_i_1_n_0                                                                                                                                             | hw2_part2_i/RSA_0/U0/reset                                                                                                                      |                1 |              8 |         8.00 |
|  hw2_part2_i/clk_wiz_0/inst/clk_out1                        | hw2_part2_i/RSA_0/U0/RSA_v1_0_S00_AXI_inst/slv_reg6[31]_i_1_n_0                                                                                                                                             | hw2_part2_i/RSA_0/U0/reset                                                                                                                      |                2 |              8 |         4.00 |
|  hw2_part2_i/clk_wiz_0/inst/clk_out1                        | hw2_part2_i/RSA_0/U0/RSA_v1_0_S00_AXI_inst/slv_reg5[15]_i_1_n_0                                                                                                                                             | hw2_part2_i/RSA_0/U0/reset                                                                                                                      |                1 |              8 |         8.00 |
|  hw2_part2_i/clk_wiz_0/inst/clk_out1                        | hw2_part2_i/RSA_0/U0/RSA_v1_0_S00_AXI_inst/slv_reg4[23]_i_1_n_0                                                                                                                                             | hw2_part2_i/RSA_0/U0/reset                                                                                                                      |                2 |              8 |         4.00 |
|  hw2_part2_i/clk_wiz_0/inst/clk_out1                        | hw2_part2_i/RSA_0/U0/RSA_v1_0_S00_AXI_inst/slv_reg4[7]_i_1_n_0                                                                                                                                              | hw2_part2_i/RSA_0/U0/reset                                                                                                                      |                1 |              8 |         8.00 |
|  hw2_part2_i/clk_wiz_0/inst/clk_out1                        | hw2_part2_i/RSA_0/U0/RSA_v1_0_S00_AXI_inst/slv_reg6[23]_i_1_n_0                                                                                                                                             | hw2_part2_i/RSA_0/U0/reset                                                                                                                      |                1 |              8 |         8.00 |
|  hw2_part2_i/clk_wiz_0/inst/clk_out1                        | hw2_part2_i/RSA_0/U0/RSA_v1_0_S00_AXI_inst/slv_reg6[15]_i_1_n_0                                                                                                                                             | hw2_part2_i/RSA_0/U0/reset                                                                                                                      |                2 |              8 |         4.00 |
|  hw2_part2_i/clk_wiz_0/inst/clk_out1                        | hw2_part2_i/RSA_0/U0/RSA_v1_0_S00_AXI_inst/slv_reg9[7]_i_1_n_0                                                                                                                                              | hw2_part2_i/RSA_0/U0/reset                                                                                                                      |                2 |              8 |         4.00 |
|  hw2_part2_i/clk_wiz_0/inst/clk_out1                        | hw2_part2_i/RSA_0/U0/RSA_v1_0_S00_AXI_inst/slv_reg4[31]_i_1_n_0                                                                                                                                             | hw2_part2_i/RSA_0/U0/reset                                                                                                                      |                2 |              8 |         4.00 |
|  hw2_part2_i/clk_wiz_0/inst/clk_out1                        | hw2_part2_i/RSA_0/U0/RSA_v1_0_S00_AXI_inst/slv_reg5[23]_i_1_n_0                                                                                                                                             | hw2_part2_i/RSA_0/U0/reset                                                                                                                      |                2 |              8 |         4.00 |
|  hw2_part2_i/clk_wiz_0/inst/clk_out1                        | hw2_part2_i/RSA_0/U0/RSA_v1_0_S00_AXI_inst/slv_reg8[23]_i_1_n_0                                                                                                                                             | hw2_part2_i/RSA_0/U0/reset                                                                                                                      |                2 |              8 |         4.00 |
|  hw2_part2_i/clk_wiz_0/inst/clk_out1                        | hw2_part2_i/RSA_0/U0/RSA_v1_0_S00_AXI_inst/slv_reg8[15]_i_1_n_0                                                                                                                                             | hw2_part2_i/RSA_0/U0/reset                                                                                                                      |                2 |              8 |         4.00 |
|  hw2_part2_i/clk_wiz_0/inst/clk_out1                        | hw2_part2_i/RSA_0/U0/RSA_v1_0_S00_AXI_inst/slv_reg9[23]_i_1_n_0                                                                                                                                             | hw2_part2_i/RSA_0/U0/reset                                                                                                                      |                1 |              8 |         8.00 |
|  hw2_part2_i/clk_wiz_0/inst/clk_out1                        | hw2_part2_i/RSA_0/U0/RSA_v1_0_S00_AXI_inst/slv_reg4[15]_i_1_n_0                                                                                                                                             | hw2_part2_i/RSA_0/U0/reset                                                                                                                      |                2 |              8 |         4.00 |
|  hw2_part2_i/clk_wiz_0/inst/clk_out1                        | hw2_part2_i/RSA_0/U0/RSA_v1_0_S00_AXI_inst/slv_reg7[31]_i_1_n_0                                                                                                                                             | hw2_part2_i/RSA_0/U0/reset                                                                                                                      |                2 |              8 |         4.00 |
|  hw2_part2_i/clk_wiz_0/inst/clk_out1                        | hw2_part2_i/axi_uartlite_0/U0/UARTLITE_CORE_I/UARTLITE_RX_I/SRL_FIFO_I/I_SRL_FIFO_RBU_F/DYNSHREG_F_I/fifo_wr                                                                                                |                                                                                                                                                 |                1 |              8 |         8.00 |
|  hw2_part2_i/clk_wiz_0/inst/clk_out1                        | hw2_part2_i/axi_uartlite_0/U0/AXI_LITE_IPIF_I/I_SLAVE_ATTACHMENT/I_DECODER/fifo_wr                                                                                                                          |                                                                                                                                                 |                1 |              8 |         8.00 |
|  hw2_part2_i/mdm_1/U0/No_Dbg_Reg_Access.BUFG_DRCK/Dbg_Clk_0 | hw2_part2_i/mdm_1/U0/MDM_Core_I1/JTAG_CONTROL_I/tdi_shifter0                                                                                                                                                |                                                                                                                                                 |                1 |              8 |         8.00 |
|  hw2_part2_i/clk_wiz_0/inst/clk_out1                        | hw2_part2_i/axi_uartlite_0/U0/AXI_LITE_IPIF_I/I_SLAVE_ATTACHMENT/s_axi_rresp_i                                                                                                                              | hw2_part2_i/axi_uartlite_0/U0/AXI_LITE_IPIF_I/I_SLAVE_ATTACHMENT/rst                                                                            |                2 |              8 |         4.00 |
|  hw2_part2_i/clk_wiz_0/inst/clk_out1                        | hw2_part2_i/RSA_0/U0/RSA_v1_0_S00_AXI_inst/slv_reg9[31]_i_1_n_0                                                                                                                                             | hw2_part2_i/RSA_0/U0/reset                                                                                                                      |                2 |              8 |         4.00 |
|  hw2_part2_i/clk_wiz_0/inst/clk_out1                        | hw2_part2_i/RSA_0/U0/RSA_v1_0_S00_AXI_inst/slv_reg0[23]_i_1_n_0                                                                                                                                             | hw2_part2_i/RSA_0/U0/reset                                                                                                                      |                1 |              8 |         8.00 |
|  hw2_part2_i/mdm_1/U0/Use_E2.BSCAN_I/Dbg_Update_0_BUFG      | hw2_part2_i/mdm_1/U0/MDM_Core_I1/JTAG_CONTROL_I/Use_BSCAN.FDC_I/command_10                                                                                                                                  |                                                                                                                                                 |                1 |              8 |         8.00 |
|  hw2_part2_i/clk_wiz_0/inst/clk_out1                        | hw2_part2_i/RSA_0/U0/RSA_v1_0_S00_AXI_inst/slv_reg9[15]_i_1_n_0                                                                                                                                             | hw2_part2_i/RSA_0/U0/reset                                                                                                                      |                3 |              8 |         2.67 |
|  hw2_part2_i/clk_wiz_0/inst/clk_out1                        |                                                                                                                                                                                                             | hw2_part2_i/axi_uartlite_0/U0/AXI_LITE_IPIF_I/I_SLAVE_ATTACHMENT/rst                                                                            |                4 |             10 |         2.50 |
|  hw2_part2_i/mdm_1/U0/No_Dbg_Reg_Access.BUFG_DRCK/Dbg_Clk_0 | hw2_part2_i/mdm_1/U0/MDM_Core_I1/JTAG_CONTROL_I/Use_BSCAN.FDC_I/Use_Serial_Unified_Completion.completion_block_reg                                                                                          |                                                                                                                                                 |                4 |             10 |         2.50 |
|  hw2_part2_i/clk_wiz_0/inst/clk_out1                        |                                                                                                                                                                                                             | hw2_part2_i/RSA_0/U0/reset                                                                                                                      |                5 |             10 |         2.00 |
|  hw2_part2_i/clk_wiz_0/inst/clk_out1                        |                                                                                                                                                                                                             | hw2_part2_i/microblaze_0_axi_periph/xbar/inst/gen_sasd.crossbar_sasd_0/addr_arbiter_inst/SR[0]                                                  |                4 |             11 |         2.75 |
|  hw2_part2_i/clk_wiz_0/inst/clk_out1                        | hw2_part2_i/microblaze_0_axi_periph/xbar/inst/gen_sasd.crossbar_sasd_0/reg_slice_r/aa_rready                                                                                                                |                                                                                                                                                 |                6 |             15 |         2.50 |
|  hw2_part2_i/clk_wiz_0/inst/clk_out1                        | hw2_part2_i/microblaze_0/U0/MicroBlaze_Core_I/Performance.Core/Decode_I/PreFetch_Buffer_I1/OF_Valid_DFF/E[0]                                                                                                | hw2_part2_i/microblaze_0/U0/MicroBlaze_Core_I/sync_reset                                                                                        |                7 |             16 |         2.29 |
|  hw2_part2_i/clk_wiz_0/inst/clk_out1                        | hw2_part2_i/microblaze_0_axi_periph/xbar/inst/gen_sasd.crossbar_sasd_0/addr_arbiter_inst/p_0_in1_in                                                                                                         | hw2_part2_i/microblaze_0_axi_periph/xbar/inst/gen_sasd.crossbar_sasd_0/addr_arbiter_inst/SR[0]                                                  |                8 |             20 |         2.50 |
|  hw2_part2_i/clk_wiz_0/inst/clk_out1                        | hw2_part2_i/microblaze_0/U0/MicroBlaze_Core_I/Performance.Core/Decode_I/mem_wait_on_ready_N_carry_or/MUXCY_I/lopt_1                                                                                         | hw2_part2_i/microblaze_0/U0/MicroBlaze_Core_I/sync_reset                                                                                        |                8 |             20 |         2.50 |
|  hw2_part2_i/mdm_1/U0/No_Dbg_Reg_Access.BUFG_DRCK/Dbg_Clk_0 |                                                                                                                                                                                                             | hw2_part2_i/mdm_1/U0/Use_E2.BSCAN_I/Use_E2.BSCANE2_I_4                                                                                          |                5 |             23 |         4.60 |
|  hw2_part2_i/clk_wiz_0/inst/clk_out1                        | hw2_part2_i/axi_uartlite_0/U0/UARTLITE_CORE_I/BAUD_RATE_I/en_16x_Baud                                                                                                                                       | hw2_part2_i/axi_uartlite_0/U0/UARTLITE_CORE_I/UARTLITE_RX_I/s_axi_aresetn_0                                                                     |                6 |             28 |         4.67 |
|  hw2_part2_i/clk_wiz_0/inst/clk_out1                        |                                                                                                                                                                                                             | hw2_part2_i/axi_uartlite_0/U0/UARTLITE_CORE_I/UARTLITE_RX_I/s_axi_aresetn_0                                                                     |               11 |             30 |         2.73 |
|  hw2_part2_i/clk_wiz_0/inst/clk_out1                        | hw2_part2_i/microblaze_0/U0/MicroBlaze_Core_I/Performance.Core/Decode_I/PreFetch_Buffer_I1/Gen_Mux_Select_LUT6[1].Gen_Sel_DFF/if_fetch_in_progress_reg[0]                                                   | hw2_part2_i/microblaze_0/U0/MicroBlaze_Core_I/sync_reset                                                                                        |               10 |             32 |         3.20 |
|  hw2_part2_i/mdm_1/U0/No_Dbg_Reg_Access.BUFG_DRCK/Dbg_Clk_0 | hw2_part2_i/microblaze_0/U0/MicroBlaze_Core_I/Performance.Core/Use_Debug_Logic.Master_Core.Debug_Perf/Serial_Dbg_Intf.New_Dbg_Instr_TCK                                                                     |                                                                                                                                                 |               12 |             32 |         2.67 |
|  hw2_part2_i/clk_wiz_0/inst/clk_out1                        | hw2_part2_i/RSA_0/U0/RSA_v1_0_S00_AXI_inst/slv_reg_rden                                                                                                                                                     | hw2_part2_i/RSA_0/U0/reset                                                                                                                      |               32 |             32 |         1.00 |
|  hw2_part2_i/clk_wiz_0/inst/clk_out1                        | hw2_part2_i/microblaze_0_axi_periph/xbar/inst/gen_sasd.crossbar_sasd_0/addr_arbiter_inst/s_axi_rvalid[0]                                                                                                    | hw2_part2_i/microblaze_0/U0/MicroBlaze_Core_I/sync_reset                                                                                        |                7 |             32 |         4.57 |
|  hw2_part2_i/clk_wiz_0/inst/clk_out1                        |                                                                                                                                                                                                             | hw2_part2_i/microblaze_0/U0/MicroBlaze_Core_I/Performance.Core/wb_dlmb_valid_read_data0                                                         |               10 |             32 |         3.20 |
|  hw2_part2_i/clk_wiz_0/inst/clk_out1                        | hw2_part2_i/microblaze_0/U0/MicroBlaze_Core_I/Performance.Core/Use_Debug_Logic.Master_Core.Debug_Perf/data_rd_reg[0]_i_1_n_0                                                                                | hw2_part2_i/microblaze_0/U0/MicroBlaze_Core_I/sync_reset                                                                                        |               10 |             32 |         3.20 |
|  hw2_part2_i/clk_wiz_0/inst/clk_out1                        | hw2_part2_i/microblaze_0/U0/MicroBlaze_Core_I/Performance.Core/Decode_I/Use_MuxCy[3].OF_Piperun_Stage/MUXCY_I/Using_FPGA.Native_0                                                                           | hw2_part2_i/microblaze_0/U0/MicroBlaze_Core_I/Performance.Core/Decode_I/R                                                                       |               12 |             32 |         2.67 |
|  hw2_part2_i/clk_wiz_0/inst/clk_out1                        | hw2_part2_i/microblaze_0/U0/MicroBlaze_Core_I/Performance.Core/Decode_I/Use_MuxCy[3].OF_Piperun_Stage/MUXCY_I/E[0]                                                                                          | hw2_part2_i/microblaze_0/U0/MicroBlaze_Core_I/sync_reset                                                                                        |                8 |             32 |         4.00 |
|  hw2_part2_i/clk_wiz_0/inst/clk_out1                        | hw2_part2_i/microblaze_0/U0/MicroBlaze_Core_I/Performance.Core/Decode_I/mem_wait_on_ready_N_carry_or/MUXCY_I/lopt_1                                                                                         |                                                                                                                                                 |                6 |             32 |         5.33 |
|  hw2_part2_i/clk_wiz_0/inst/clk_out1                        | hw2_part2_i/microblaze_0/U0/MicroBlaze_Core_I/Performance.Core/Decode_I/mem_wait_on_ready_N_carry_or/MUXCY_I/lopt_1                                                                                         | hw2_part2_i/microblaze_0/U0/MicroBlaze_Core_I/Performance.Core/Decode_I/SR[0]                                                                   |               15 |             32 |         2.13 |
|  hw2_part2_i/clk_wiz_0/inst/clk_out1                        | hw2_part2_i/microblaze_0_axi_periph/xbar/inst/gen_sasd.crossbar_sasd_0/addr_arbiter_inst/E[0]                                                                                                               |                                                                                                                                                 |               10 |             33 |         3.30 |
|  hw2_part2_i/mdm_1/U0/No_Dbg_Reg_Access.BUFG_DRCK/Dbg_Clk_0 | hw2_part2_i/mdm_1/U0/Use_E2.BSCAN_I/Use_E2.BSCANE2_I_0                                                                                                                                                      |                                                                                                                                                 |               14 |             47 |         3.36 |
|  hw2_part2_i/clk_wiz_0/inst/clk_out1                        | hw2_part2_i/microblaze_0/U0/MicroBlaze_Core_I/Performance.Core/Decode_I/PreFetch_Buffer_I1/Instruction_Prefetch_Mux[42].Instr_Mux_MUXF7/IReady_0                                                            |                                                                                                                                                 |               10 |             75 |         7.50 |
|  hw2_part2_i/clk_wiz_0/inst/clk_out1                        | hw2_part2_i/microblaze_0/U0/MicroBlaze_Core_I/Performance.Core/Decode_I/Use_MuxCy[3].OF_Piperun_Stage/MUXCY_I/Using_FPGA.Native_0                                                                           | hw2_part2_i/microblaze_0/U0/MicroBlaze_Core_I/sync_reset                                                                                        |               33 |             80 |         2.42 |
|  hw2_part2_i/mdm_1/U0/No_Dbg_Reg_Access.BUFG_DRCK/Dbg_Clk_0 |                                                                                                                                                                                                             |                                                                                                                                                 |               28 |             80 |         2.86 |
|  hw2_part2_i/clk_wiz_0/inst/clk_out1                        | hw2_part2_i/RSA_0/U0/RSA_v1_0_S00_AXI_inst/rsa_cypher/count[126]_i_1_n_0                                                                                                                                    | hw2_part2_i/RSA_0/U0/reset                                                                                                                      |               20 |            127 |         6.35 |
|  hw2_part2_i/clk_wiz_0/inst/clk_out1                        |                                                                                                                                                                                                             |                                                                                                                                                 |               52 |            128 |         2.46 |
|  hw2_part2_i/clk_wiz_0/inst/clk_out1                        | hw2_part2_i/RSA_0/U0/RSA_v1_0_S00_AXI_inst/rsa_cypher/modsqr/prodreg[129]_i_1__0_n_0                                                                                                                        |                                                                                                                                                 |               44 |            128 |         2.91 |
|  hw2_part2_i/clk_wiz_0/inst/clk_out1                        | hw2_part2_i/RSA_0/U0/RSA_v1_0_S00_AXI_inst/rsa_cypher/ready                                                                                                                                                 | hw2_part2_i/RSA_0/U0/reset                                                                                                                      |               24 |            128 |         5.33 |
|  hw2_part2_i/clk_wiz_0/inst/clk_out1                        | hw2_part2_i/RSA_0/U0/RSA_v1_0_S00_AXI_inst/rsa_cypher/modmult/prodreg[129]_i_1_n_0                                                                                                                          |                                                                                                                                                 |               39 |            128 |         3.28 |
|  hw2_part2_i/clk_wiz_0/inst/clk_out1                        | hw2_part2_i/RSA_0/U0/RSA_v1_0_S00_AXI_inst/rsa_cypher/cypher[127]_i_1_n_0                                                                                                                                   |                                                                                                                                                 |               35 |            128 |         3.66 |
|  hw2_part2_i/clk_wiz_0/inst/clk_out1                        | hw2_part2_i/microblaze_0/U0/MicroBlaze_Core_I/Performance.Core/Decode_I/WB_GPR_Wr                                                                                                                           |                                                                                                                                                 |               16 |            128 |         8.00 |
|  hw2_part2_i/clk_wiz_0/inst/clk_out1                        |                                                                                                                                                                                                             | hw2_part2_i/microblaze_0/U0/MicroBlaze_Core_I/sync_reset                                                                                        |               66 |            150 |         2.27 |
|  hw2_part2_i/clk_wiz_0/inst/clk_out1                        | hw2_part2_i/RSA_0/U0/RSA_v1_0_S00_AXI_inst/rsa_cypher/modsqr/prodreg[129]_i_2__0_n_0                                                                                                                        | hw2_part2_i/RSA_0/U0/RSA_v1_0_S00_AXI_inst/rsa_cypher/modsqr/prodreg[129]_i_1__0_n_0                                                            |               65 |            162 |         2.49 |
|  hw2_part2_i/clk_wiz_0/inst/clk_out1                        | hw2_part2_i/RSA_0/U0/RSA_v1_0_S00_AXI_inst/rsa_cypher/modmult/prodreg[129]_i_2_n_0                                                                                                                          | hw2_part2_i/RSA_0/U0/RSA_v1_0_S00_AXI_inst/rsa_cypher/modmult/prodreg[129]_i_1_n_0                                                              |               54 |            162 |         3.00 |
|  hw2_part2_i/clk_wiz_0/inst/clk_out1                        | hw2_part2_i/microblaze_0/U0/MicroBlaze_Core_I/Performance.Core/Decode_I/Use_MuxCy[11].OF_Piperun_Stage/MUXCY_I/Using_FPGA.Native_0                                                                          | hw2_part2_i/microblaze_0/U0/MicroBlaze_Core_I/sync_reset                                                                                        |               74 |            218 |         2.95 |
|  hw2_part2_i/clk_wiz_0/inst/clk_out1                        | hw2_part2_i/RSA_0/U0/RSA_v1_0_S00_AXI_inst/rsa_cypher/modmult/mpreg[127]_i_1_n_0                                                                                                                            |                                                                                                                                                 |               58 |            258 |         4.45 |
|  hw2_part2_i/clk_wiz_0/inst/clk_out1                        | hw2_part2_i/RSA_0/U0/RSA_v1_0_S00_AXI_inst/rsa_cypher/modsqr/mpreg[127]_i_1__0_n_0                                                                                                                          |                                                                                                                                                 |               56 |            258 |         4.61 |
|  hw2_part2_i/clk_wiz_0/inst/clk_out1                        | hw2_part2_i/RSA_0/U0/RSA_v1_0_S00_AXI_inst/rsa_cypher/root[127]_i_1_n_0                                                                                                                                     | hw2_part2_i/RSA_0/U0/reset                                                                                                                      |               96 |            384 |         4.00 |
+-------------------------------------------------------------+-------------------------------------------------------------------------------------------------------------------------------------------------------------------------------------------------------------+-------------------------------------------------------------------------------------------------------------------------------------------------+------------------+----------------+--------------+


